Log file open, 04/19/18 19:36:33
LogWindows: Failed to load 'aqProf.dll' (GetLastError=126)
LogWindows: File 'aqProf.dll' does not exist
LogWindows: Failed to load 'VtuneApi.dll' (GetLastError=126)
LogWindows: File 'VtuneApi.dll' does not exist
LogWindows: Failed to load 'VtuneApi32e.dll' (GetLastError=126)
LogWindows: File 'VtuneApi32e.dll' does not exist
LogInit: Display: Running engine for game: FurryVSNudist
LogPlatformFile: Not using cached read wrapper
LogInit: Display: RandInit(307564377) SRandInit(307564377).
LogInit: Read version file with build ID '3944462'
LogInit: Overriding engine version to CL 3989454, compatible CL 3944462
LogInit: Registered custom module enumerator with build ID '3944462'
LogTaskGraph: Started task graph with 5 named threads and 23 total threads with 3 sets of task threads.
LogStats: Stats thread started at 0.404591
LogD3D11RHI: Aftermath initialized
LogICUInternationalization: Display: ICU TimeZone Detection - Raw Offset: +1:00, Platform Override: ''
LogPluginManager: Mounting plugin Paper2D
LogPluginManager: Mounting plugin LiveLink
LogPluginManager: Mounting plugin LightPropagationVolume
LogPluginManager: Mounting plugin CLionSourceCodeAccess
LogPluginManager: Mounting plugin CodeLiteSourceCodeAccess
LogPluginManager: Mounting plugin GitSourceControl
LogPluginManager: Mounting plugin KDevelopSourceCodeAccess
LogPluginManager: Mounting plugin NullSourceCodeAccess
LogPluginManager: Mounting plugin PerforceSourceControl
LogPluginManager: Mounting plugin SubversionSourceControl
LogPluginManager: Mounting plugin UObjectPlugin
LogPluginManager: Mounting plugin VisualStudioCodeSourceCodeAccess
LogPluginManager: Mounting plugin VisualStudioSourceCodeAccess
LogPluginManager: Mounting plugin XCodeSourceCodeAccess
LogPluginManager: Mounting plugin AssetManagerEditor
LogPluginManager: Mounting plugin CryptoKeys
LogPluginManager: Mounting plugin DataValidation
LogPluginManager: Mounting plugin FacialAnimation
LogPluginManager: Mounting plugin GameplayTagsEditor
LogPluginManager: Mounting plugin MobileLauncherProfileWizard
LogPluginManager: Mounting plugin PluginBrowser
LogPluginManager: Mounting plugin SpeedTreeImporter
LogPluginManager: Mounting plugin DatasmithContent
LogPluginManager: Mounting plugin AlembicImporter
LogPluginManager: Mounting plugin CharacterAI
LogPluginManager: Mounting plugin HTML5Networking
LogPluginManager: Mounting plugin AndroidMedia
LogPluginManager: Mounting plugin AvfMedia
LogPluginManager: Mounting plugin ImgMedia
LogPluginManager: Mounting plugin LinearTimecode
LogPluginManager: Mounting plugin MediaCompositing
LogPluginManager: Mounting plugin MediaPlayerEditor
LogPluginManager: Mounting plugin WmfMedia
LogPluginManager: Mounting plugin TcpMessaging
LogPluginManager: Mounting plugin UdpMessaging
LogPluginManager: Mounting plugin ActorSequence
LogPluginManager: Mounting plugin LevelSequenceEditor
LogPluginManager: Mounting plugin MatineeToLevelSequence
LogPluginManager: Mounting plugin NetcodeUnitTest
LogPluginManager: Mounting plugin NUTUnrealEngine4
LogPluginManager: Mounting plugin OnlineSubsystemGooglePlay
LogPluginManager: Mounting plugin OnlineSubsystemIOS
LogPluginManager: Mounting plugin OnlineSubsystem
LogPluginManager: Mounting plugin OnlineSubsystemNull
LogPluginManager: Mounting plugin OnlineSubsystemUtils
LogPluginManager: Mounting plugin AndroidDeviceProfileSelector
LogPluginManager: Mounting plugin AndroidMoviePlayer
LogPluginManager: Mounting plugin AndroidPermission
LogPluginManager: Mounting plugin AppleARKit
LogPluginManager: Mounting plugin AppleMoviePlayer
LogPluginManager: Mounting plugin ArchVisCharacter
LogPluginManager: Mounting plugin AudioCapture
LogPluginManager: Mounting plugin CableComponent
LogPluginManager: Mounting plugin CustomMeshComponent
LogPluginManager: Mounting plugin ExampleDeviceProfileSelector
LogPluginManager: Mounting plugin GoogleCloudMessaging
LogPluginManager: Mounting plugin ImmediatePhysics
LogPluginManager: Mounting plugin IOSDeviceProfileSelector
LogPluginManager: Mounting plugin LinuxDeviceProfileSelector
LogPluginManager: Mounting plugin LocationServicesBPLibrary
LogPluginManager: Mounting plugin MobilePatchingUtils
LogPluginManager: Mounting plugin OculusVR
LogPluginManager: Plugin shader directory ../../../Engine/Plugins/Runtime/Oculus/OculusVR/Shaders found
LogPluginManager: Mapping shader source directory ../../../Engine/Plugins/Runtime/Oculus/OculusVR/Shaders to virtual directory /Plugin/OculusVR
LogPluginManager: Mounting plugin PhysXVehicles
LogPluginManager: Mounting plugin ProceduralMeshComponent
LogPluginManager: Mounting plugin RuntimePhysXCooking
LogPluginManager: Mounting plugin SteamVR
LogPluginManager: Mounting plugin WindowsMoviePlayer
LogStreaming: Display: Took  0.130s to configure plugins.
LogModuleManager: Display: Found up-to-date module file ../../../../../../Users/benes/Documents/Unreal Projects/FurryVSNudist/Binaries/Win64/UE4Editor-FurryVSNudist-3383.dll (API version 3944462).
LogModuleManager: Display: Found up-to-date module file ../../../Engine/Plugins/2D/Paper2D/Binaries/Win64/UE4Editor-Paper2D.dll (API version 3944462).
LogModuleManager: Display: Found up-to-date module file ../../../Engine/Plugins/2D/Paper2D/Binaries/Win64/UE4Editor-Paper2DEditor.dll (API version 3944462).
LogModuleManager: Display: Found up-to-date module file ../../../Engine/Plugins/2D/Paper2D/Binaries/Win64/UE4Editor-PaperSpriteSheetImporter.dll (API version 3944462).
LogModuleManager: Display: Found up-to-date module file ../../../Engine/Plugins/2D/Paper2D/Binaries/Win64/UE4Editor-PaperTiledImporter.dll (API version 3944462).
LogModuleManager: Display: Found up-to-date module file ../../../Engine/Plugins/2D/Paper2D/Binaries/Win64/UE4Editor-SmartSnapping.dll (API version 3944462).
LogModuleManager: Display: Found up-to-date module file ../../../Engine/Plugins/Animation/LiveLink/Binaries/Win64/UE4Editor-LiveLink.dll (API version 3944462).
LogModuleManager: Display: Found up-to-date module file ../../../Engine/Plugins/Animation/LiveLink/Binaries/Win64/UE4Editor-LiveLinkEditor.dll (API version 3944462).
LogModuleManager: Display: Found up-to-date module file ../../../Engine/Plugins/Blendables/LightPropagationVolume/Binaries/Win64/UE4Editor-LightPropagationVolumeRuntime.dll (API version 3944462).
LogModuleManager: Display: Found up-to-date module file ../../../Engine/Plugins/Blendables/LightPropagationVolume/Binaries/Win64/UE4Editor-LightPropagationVolumeEditor.dll (API version 3944462).
LogModuleManager: Display: Found up-to-date module file ../../../Engine/Plugins/Developer/CLionSourceCodeAccess/Binaries/Win64/UE4Editor-CLionSourceCodeAccess.dll (API version 3944462).
LogModuleManager: Display: Found up-to-date module file ../../../Engine/Plugins/Developer/GitSourceControl/Binaries/Win64/UE4Editor-GitSourceControl.dll (API version 3944462).
LogModuleManager: Display: Found up-to-date module file ../../../Engine/Plugins/Developer/PerforceSourceControl/Binaries/Win64/UE4Editor-PerforceSourceControl.dll (API version 3944462).
LogModuleManager: Display: Found up-to-date module file ../../../Engine/Plugins/Developer/SubversionSourceControl/Binaries/Win64/UE4Editor-SubversionSourceControl.dll (API version 3944462).
LogModuleManager: Display: Found up-to-date module file ../../../Engine/Plugins/Developer/UObjectPlugin/Binaries/Win64/UE4Editor-UObjectPlugin.dll (API version 3944462).
LogModuleManager: Display: Found up-to-date module file ../../../Engine/Plugins/Developer/VisualStudioCodeSourceCodeAccess/Binaries/Win64/UE4Editor-VisualStudioCodeSourceCodeAccess.dll (API version 3944462).
LogModuleManager: Display: Found up-to-date module file ../../../Engine/Plugins/Developer/VisualStudioSourceCodeAccess/Binaries/Win64/UE4Editor-VisualStudioSourceCodeAccess.dll (API version 3944462).
LogModuleManager: Display: Found up-to-date module file ../../../Engine/Plugins/Editor/AssetManagerEditor/Binaries/Win64/UE4Editor-AssetManagerEditor.dll (API version 3944462).
LogModuleManager: Display: Found up-to-date module file ../../../Engine/Plugins/Editor/CryptoKeys/Binaries/Win64/UE4Editor-CryptoKeys.dll (API version 3944462).
LogModuleManager: Display: Found up-to-date module file ../../../Engine/Plugins/Editor/CryptoKeys/Binaries/Win64/UE4Editor-CryptoKeysOpenSSL.dll (API version 3944462).
LogModuleManager: Display: Found up-to-date module file ../../../Engine/Plugins/Editor/DataValidation/Binaries/Win64/UE4Editor-DataValidation.dll (API version 3944462).
LogModuleManager: Display: Found up-to-date module file ../../../Engine/Plugins/Editor/FacialAnimation/Binaries/Win64/UE4Editor-FacialAnimation.dll (API version 3944462).
LogModuleManager: Display: Found up-to-date module file ../../../Engine/Plugins/Editor/FacialAnimation/Binaries/Win64/UE4Editor-FacialAnimationEditor.dll (API version 3944462).
LogModuleManager: Display: Found up-to-date module file ../../../Engine/Plugins/Editor/GameplayTagsEditor/Binaries/Win64/UE4Editor-GameplayTagsEditor.dll (API version 3944462).
LogModuleManager: Display: Found up-to-date module file ../../../Engine/Plugins/Editor/MobileLauncherProfileWizard/Binaries/Win64/UE4Editor-MobileLauncherProfileWizard.dll (API version 3944462).
LogModuleManager: Display: Found up-to-date module file ../../../Engine/Plugins/Editor/PluginBrowser/Binaries/Win64/UE4Editor-PluginBrowser.dll (API version 3944462).
LogModuleManager: Display: Found up-to-date module file ../../../Engine/Plugins/Editor/SpeedTreeImporter/Binaries/Win64/UE4Editor-SpeedTreeImporter.dll (API version 3944462).
LogModuleManager: Display: Found up-to-date module file ../../../Engine/Plugins/Enterprise/DatasmithContent/Binaries/Win64/UE4Editor-DatasmithContent.dll (API version 3944462).
LogModuleManager: Display: Found up-to-date module file ../../../Engine/Plugins/Experimental/AlembicImporter/Binaries/Win64/UE4Editor-AlembicImporter.dll (API version 3944462).
LogModuleManager: Display: Found up-to-date module file ../../../Engine/Plugins/Experimental/AlembicImporter/Binaries/Win64/UE4Editor-AlembicLibrary.dll (API version 3944462).
LogModuleManager: Display: Found up-to-date module file ../../../Engine/Plugins/Experimental/CharacterAI/Binaries/Win64/UE4Editor-CharacterAI.dll (API version 3944462).
LogModuleManager: Display: Found up-to-date module file ../../../Engine/Plugins/Experimental/HTML5Networking/Binaries/Win64/UE4Editor-HTML5Networking.dll (API version 3944462).
LogModuleManager: Display: Found up-to-date module file ../../../Engine/Plugins/Media/AndroidMedia/Binaries/Win64/UE4Editor-AndroidMediaEditor.dll (API version 3944462).
LogModuleManager: Display: Found up-to-date module file ../../../Engine/Plugins/Media/AndroidMedia/Binaries/Win64/UE4Editor-AndroidMediaFactory.dll (API version 3944462).
LogModuleManager: Display: Found up-to-date module file ../../../Engine/Plugins/Media/AvfMedia/Binaries/Win64/UE4Editor-AvfMediaEditor.dll (API version 3944462).
LogModuleManager: Display: Found up-to-date module file ../../../Engine/Plugins/Media/AvfMedia/Binaries/Win64/UE4Editor-AvfMediaFactory.dll (API version 3944462).
LogModuleManager: Display: Found up-to-date module file ../../../Engine/Plugins/Media/AvfMedia/Binaries/Win64/UE4Editor-AvfMediaFactory.dll (API version 3944462).
LogModuleManager: Display: Found up-to-date module file ../../../Engine/Plugins/Media/ImgMedia/Binaries/Win64/UE4Editor-ImgMedia.dll (API version 3944462).
LogModuleManager: Display: Found up-to-date module file ../../../Engine/Plugins/Media/ImgMedia/Binaries/Win64/UE4Editor-ImgMediaEditor.dll (API version 3944462).
LogModuleManager: Display: Found up-to-date module file ../../../Engine/Plugins/Media/ImgMedia/Binaries/Win64/UE4Editor-ImgMediaFactory.dll (API version 3944462).
LogModuleManager: Display: Found up-to-date module file ../../../Engine/Plugins/Media/ImgMedia/Binaries/Win64/UE4Editor-ImgMediaFactory.dll (API version 3944462).
LogModuleManager: Display: Found up-to-date module file ../../../Engine/Plugins/Media/ImgMedia/Binaries/Win64/UE4Editor-OpenExrWrapper.dll (API version 3944462).
LogModuleManager: Display: Found up-to-date module file ../../../Engine/Plugins/Media/LinearTimecode/Binaries/Win64/UE4Editor-LinearTimecode.dll (API version 3944462).
LogModuleManager: Display: Found up-to-date module file ../../../Engine/Plugins/Media/MediaCompositing/Binaries/Win64/UE4Editor-MediaCompositing.dll (API version 3944462).
LogModuleManager: Display: Found up-to-date module file ../../../Engine/Plugins/Media/MediaCompositing/Binaries/Win64/UE4Editor-MediaCompositingEditor.dll (API version 3944462).
LogModuleManager: Display: Found up-to-date module file ../../../Engine/Plugins/Media/MediaPlayerEditor/Binaries/Win64/UE4Editor-MediaPlayerEditor.dll (API version 3944462).
LogModuleManager: Display: Found up-to-date module file ../../../Engine/Plugins/Media/WmfMedia/Binaries/Win64/UE4Editor-WmfMedia.dll (API version 3944462).
LogModuleManager: Display: Found up-to-date module file ../../../Engine/Plugins/Media/WmfMedia/Binaries/Win64/UE4Editor-WmfMediaEditor.dll (API version 3944462).
LogModuleManager: Display: Found up-to-date module file ../../../Engine/Plugins/Media/WmfMedia/Binaries/Win64/UE4Editor-WmfMediaFactory.dll (API version 3944462).
LogModuleManager: Display: Found up-to-date module file ../../../Engine/Plugins/Media/WmfMedia/Binaries/Win64/UE4Editor-WmfMediaFactory.dll (API version 3944462).
LogModuleManager: Display: Found up-to-date module file ../../../Engine/Plugins/Messaging/TcpMessaging/Binaries/Win64/UE4Editor-TcpMessaging.dll (API version 3944462).
LogModuleManager: Display: Found up-to-date module file ../../../Engine/Plugins/Messaging/UdpMessaging/Binaries/Win64/UE4Editor-UdpMessaging.dll (API version 3944462).
LogModuleManager: Display: Found up-to-date module file ../../../Engine/Plugins/MovieScene/ActorSequence/Binaries/Win64/UE4Editor-ActorSequence.dll (API version 3944462).
LogModuleManager: Display: Found up-to-date module file ../../../Engine/Plugins/MovieScene/LevelSequenceEditor/Binaries/Win64/UE4Editor-LevelSequenceEditor.dll (API version 3944462).
LogModuleManager: Display: Found up-to-date module file ../../../Engine/Plugins/MovieScene/MatineeToLevelSequence/Binaries/Win64/UE4Editor-MatineeToLevelSequence.dll (API version 3944462).
LogModuleManager: Display: Found up-to-date module file ../../../Engine/Plugins/NetcodeUnitTest/NetcodeUnitTest/Binaries/Win64/UE4Editor-NetcodeUnitTest.dll (API version 3944462).
LogModuleManager: Display: Found up-to-date module file ../../../Engine/Plugins/NetcodeUnitTest/NUTUnrealEngine4/Binaries/Win64/UE4Editor-NUTUnrealEngine4.dll (API version 3944462).
LogModuleManager: Display: Found up-to-date module file ../../../Engine/Plugins/Online/OnlineSubsystem/Binaries/Win64/UE4Editor-OnlineSubsystem.dll (API version 3944462).
LogModuleManager: Display: Found up-to-date module file ../../../Engine/Plugins/Online/OnlineSubsystemNull/Binaries/Win64/UE4Editor-OnlineSubsystemNull.dll (API version 3944462).
LogModuleManager: Display: Found up-to-date module file ../../../Engine/Plugins/Online/OnlineSubsystemUtils/Binaries/Win64/UE4Editor-OnlineSubsystemUtils.dll (API version 3944462).
LogModuleManager: Display: Found up-to-date module file ../../../Engine/Plugins/Online/OnlineSubsystemUtils/Binaries/Win64/UE4Editor-OnlineBlueprintSupport.dll (API version 3944462).
LogModuleManager: Display: Found up-to-date module file ../../../Engine/Plugins/Runtime/AndroidDeviceProfileSelector/Binaries/Win64/UE4Editor-AndroidDeviceProfileSelector.dll (API version 3944462).
LogModuleManager: Display: Found up-to-date module file ../../../Engine/Plugins/Runtime/AndroidPermission/Binaries/Win64/UE4Editor-AndroidPermission.dll (API version 3944462).
LogModuleManager: Display: Found up-to-date module file ../../../Engine/Plugins/Runtime/AppleARKit/Binaries/Win64/UE4Editor-AppleARKit.dll (API version 3944462).
LogModuleManager: Display: Found up-to-date module file ../../../Engine/Plugins/Runtime/ArchVisCharacter/Binaries/Win64/UE4Editor-ArchVisCharacter.dll (API version 3944462).
LogModuleManager: Display: Found up-to-date module file ../../../Engine/Plugins/Runtime/AudioCapture/Binaries/Win64/UE4Editor-AudioCapture.dll (API version 3944462).
LogModuleManager: Display: Found up-to-date module file ../../../Engine/Plugins/Runtime/AudioCapture/Binaries/Win64/UE4Editor-AudioCaptureEditor.dll (API version 3944462).
LogModuleManager: Display: Found up-to-date module file ../../../Engine/Plugins/Runtime/CableComponent/Binaries/Win64/UE4Editor-CableComponent.dll (API version 3944462).
LogModuleManager: Display: Found up-to-date module file ../../../Engine/Plugins/Runtime/CustomMeshComponent/Binaries/Win64/UE4Editor-CustomMeshComponent.dll (API version 3944462).
LogModuleManager: Display: Found up-to-date module file ../../../Engine/Plugins/Runtime/ExampleDeviceProfileSelector/Binaries/Win64/UE4Editor-ExampleDeviceProfileSelector.dll (API version 3944462).
LogModuleManager: Display: Found up-to-date module file ../../../Engine/Plugins/Runtime/ImmediatePhysics/Binaries/Win64/UE4Editor-ImmediatePhysics.dll (API version 3944462).
LogModuleManager: Display: Found up-to-date module file ../../../Engine/Plugins/Runtime/ImmediatePhysics/Binaries/Win64/UE4Editor-ImmediatePhysicsEditor.dll (API version 3944462).
LogModuleManager: Display: Found up-to-date module file ../../../Engine/Plugins/Runtime/LocationServicesBPLibrary/Binaries/Win64/UE4Editor-LocationServicesBPLibrary.dll (API version 3944462).
LogModuleManager: Display: Found up-to-date module file ../../../Engine/Plugins/Runtime/MobilePatchingUtils/Binaries/Win64/UE4Editor-MobilePatchingUtils.dll (API version 3944462).
LogModuleManager: Display: Found up-to-date module file ../../../Engine/Plugins/Runtime/Oculus/OculusVR/Binaries/Win64/UE4Editor-OculusHMD.dll (API version 3944462).
LogModuleManager: Display: Found up-to-date module file ../../../Engine/Plugins/Runtime/Oculus/OculusVR/Binaries/Win64/UE4Editor-OculusInput.dll (API version 3944462).
LogModuleManager: Display: Found up-to-date module file ../../../Engine/Plugins/Runtime/Oculus/OculusVR/Binaries/Win64/UE4Editor-OculusEditor.dll (API version 3944462).
LogModuleManager: Display: Found up-to-date module file ../../../Engine/Plugins/Runtime/PhysXVehicles/Binaries/Win64/UE4Editor-PhysXVehicles.dll (API version 3944462).
LogModuleManager: Display: Found up-to-date module file ../../../Engine/Plugins/Runtime/PhysXVehicles/Binaries/Win64/UE4Editor-PhysXVehiclesEditor.dll (API version 3944462).
LogModuleManager: Display: Found up-to-date module file ../../../Engine/Plugins/Runtime/ProceduralMeshComponent/Binaries/Win64/UE4Editor-ProceduralMeshComponent.dll (API version 3944462).
LogModuleManager: Display: Found up-to-date module file ../../../Engine/Plugins/Runtime/ProceduralMeshComponent/Binaries/Win64/UE4Editor-ProceduralMeshComponentEditor.dll (API version 3944462).
LogModuleManager: Display: Found up-to-date module file ../../../Engine/Plugins/Runtime/RuntimePhysXCooking/Binaries/Win64/UE4Editor-RuntimePhysXCooking.dll (API version 3944462).
LogModuleManager: Display: Found up-to-date module file ../../../Engine/Plugins/Runtime/Steam/SteamVR/Binaries/Win64/UE4Editor-SteamVR.dll (API version 3944462).
LogModuleManager: Display: Found up-to-date module file ../../../Engine/Plugins/Runtime/Steam/SteamVR/Binaries/Win64/UE4Editor-SteamVRController.dll (API version 3944462).
LogModuleManager: Display: Found up-to-date module file ../../../Engine/Plugins/Runtime/WindowsMoviePlayer/Binaries/Win64/UE4Editor-WindowsMoviePlayer.dll (API version 3944462).
LogInit: Using libcurl 7.47.1
LogInit:  - built for x86_64-pc-win32
LogInit:  - supports SSL with OpenSSL/1.0.2g
LogInit:  - supports HTTP deflate (compression) using libz 1.2.8
LogInit:  - other features:
LogInit:      CURL_VERSION_SSL
LogInit:      CURL_VERSION_LIBZ
LogInit:      CURL_VERSION_IPV6
LogInit:      CURL_VERSION_ASYNCHDNS
LogInit:      CURL_VERSION_LARGEFILE
LogInit:      CURL_VERSION_IDN
LogInit:  CurlRequestOptions (configurable via config and command line):
LogInit:  - bVerifyPeer = false  - Libcurl will NOT verify peer certificate
LogInit:  - bUseHttpProxy = false  - Libcurl will NOT use HTTP proxy
LogInit:  - bDontReuseConnections = false  - Libcurl will reuse connections
LogInit:  - CertBundlePath = nullptr  - Libcurl will use whatever was configured at build time.
LogInit:  - MaxHostConnections = 16  - Libcurl will limit the number of connections to a host
LogInit:  - LocalHostAddr = Default
LogInit: WinSock: version 1.1 (2.2), MaxSocks=32767, MaxUdp=65467
LogInit: WinSock: I am MSI (192.168.0.191:0)
LogInit: Build: ++UE4+Release-4.19-CL-3989454
LogInit: Engine Version: 4.19.1-3989454+++UE4+Release-4.19
LogInit: Compatible Engine Version: 4.19.0-3944462+++UE4+Release-4.19
LogInit: Net CL: 3944462
LogDevObjectVersion: Number of dev versions registered: 18
LogDevObjectVersion:   Dev-Blueprints (B0D832E4-1F89-4F0D-ACCF-7EB736FD4AA2): 10
LogDevObjectVersion:   Dev-Build (E1C64328-A22C-4D53-A36C-8E866417BD8C): 0
LogDevObjectVersion:   Dev-Core (375EC13C-06E4-48FB-B500-84F0262A717E): 2
LogDevObjectVersion:   Dev-Editor (E4B068ED-F494-42E9-A231-DA0B2E46BB41): 23
LogDevObjectVersion:   Dev-Framework (CFFC743F-43B0-4480-9391-14DF171D2073): 33
LogDevObjectVersion:   Dev-Mobile (B02B49B5-BB20-44E9-A304-32B752E40360): 2
LogDevObjectVersion:   Dev-Networking (A4E4105C-59A1-49B5-A7C5-40C4547EDFEE): 0
LogDevObjectVersion:   Dev-Online (39C831C9-5AE6-47DC-9A44-9C173E1C8E7C): 0
LogDevObjectVersion:   Dev-Physics (78F01B33-EBEA-4F98-B9B4-84EACCB95AA2): 0
LogDevObjectVersion:   Dev-Platform (6631380F-2D4D-43E0-8009-CF276956A95A): 0
LogDevObjectVersion:   Dev-Rendering (12F88B9F-8875-4AFC-A67C-D90C383ABD29): 25
LogDevObjectVersion:   Dev-Sequencer (7B5AE74C-D270-4C10-A958-57980B212A5A): 6
LogDevObjectVersion:   Dev-VR (D7296918-1DD6-4BDD-9DE2-64A83CC13884): 1
LogDevObjectVersion:   Dev-LoadTimes (C2A15278-BFE7-4AFE-6C17-90FF531DF755): 1
LogDevObjectVersion:   Private-Geometry (6EACA3D4-40EC-4CC1-B786-8BED09428FC5): 2
LogDevObjectVersion:   Dev-AnimPhys (29E575DD-E0A3-4627-9D10-D276232CDCEA): 16
LogDevObjectVersion:   Dev-ReflectionCapture (6B266CEC-1EC7-4B8F-A30B-E4D90942FC07): 1
LogDevObjectVersion:   Dev-Automation (0DF73D61-A23F-47EA-B727-89E90C41499A): 1
LogInit: Compiled (64-bit): Apr  6 2018 12:26:04
LogInit: Compiled with Visual C++: 19.00.24215.01
LogInit: Build Configuration: Development
LogInit: Branch Name: ++UE4+Release-4.19
LogInit: Command Line:  -skipcompile
LogInit: Base Directory: C:/Program Files/Epic Games/UE_4.19/Engine/Binaries/Win64/
LogInit: Installed Engine Build: 1
LogStreaming: Display: Took  0.002s to delete old logs.
LogInit: Presizing for max 8388607 objects, including 0 objects not considered by GC, pre-allocating 0 bytes for permanent pool.
LogInit: Object subsystem initialized
[2018.04.19-17.36.34:667][  0]LogInit: Selected Device Profile: [Windows]
[2018.04.19-17.36.34:667][  0]LogInit: Applying CVar settings loaded from the selected device profile: [Windows]
[2018.04.19-17.36.34:681][  0]LogInit: Computer: MSI
[2018.04.19-17.36.34:681][  0]LogInit: User: benesl
[2018.04.19-17.36.34:681][  0]LogInit: CPU Page size=4096, Cores=4
[2018.04.19-17.36.34:681][  0]LogInit: High frequency timer resolution =2.742187 MHz
[2018.04.19-17.36.34:682][  0]LogMemory: Memory total: Physical=16.0GB (16GB approx)
[2018.04.19-17.36.34:682][  0]LogMemory: Platform Memory Stats for Windows
[2018.04.19-17.36.34:682][  0]LogMemory: Process Physical Memory: 278.01 MB used, 278.01 MB peak
[2018.04.19-17.36.34:682][  0]LogMemory: Process Virtual Memory: 265.01 MB used, 265.01 MB peak
[2018.04.19-17.36.34:682][  0]LogMemory: Physical Memory: 8718.24 MB used,  7623.16 MB free, 16341.40 MB total
[2018.04.19-17.36.34:682][  0]LogMemory: Virtual Memory: 698.11 MB used,  7623.16 MB free, 134217728.00 MB total
[2018.04.19-17.36.34:725][  0]LogInit: Using OS detected language (nb-NO).
[2018.04.19-17.36.34:725][  0]LogInit: Using OS detected locale (nb-NO).
[2018.04.19-17.36.34:728][  0]LogTextLocalizationManager: No localization for 'nb-NO' exists, so 'en' will be used for the language.
[2018.04.19-17.36.35:127][  0]LogStreaming: Display: Took  0.402s to EndInitTextLocalization.
[2018.04.19-17.36.35:127][  0]LogInit: Setting process to per monitor DPI aware
[2018.04.19-17.36.35:167][  0]LogSlate: New Slate User Created.  User Index 0, Is Virtual User: 0
[2018.04.19-17.36.35:167][  0]LogSlate: Slate User Registered.  User Index 0, Is Virtual User: 0
[2018.04.19-17.36.35:349][  0]LogD3D11RHI: D3D11 adapters:
[2018.04.19-17.36.35:420][  0]LogD3D11RHI:    0. 'NVIDIA GeForce GTX 1060' (Feature Level 11_0)
[2018.04.19-17.36.35:420][  0]LogD3D11RHI:       6052/0/8170 MB DedicatedVideo/DedicatedSystem/SharedSystem, Outputs:2, VendorId:0x10de
[2018.04.19-17.36.35:429][  0]LogD3D11RHI:    1. 'Microsoft Basic Render Driver' (Feature Level 11_0)
[2018.04.19-17.36.35:429][  0]LogD3D11RHI:       0/0/8170 MB DedicatedVideo/DedicatedSystem/SharedSystem, Outputs:0, VendorId:0x1414
[2018.04.19-17.36.35:429][  0]LogD3D11RHI: Chosen D3D11 Adapter: 0
[2018.04.19-17.36.35:437][  0]LogD3D11RHI: Creating new Direct3DDevice
[2018.04.19-17.36.35:437][  0]LogD3D11RHI:     GPU DeviceId: 0x1c60 (for the marketing name, search the web for "GPU Device Id")
[2018.04.19-17.36.35:437][  0]LogWindows: EnumDisplayDevices:
[2018.04.19-17.36.35:437][  0]LogWindows:    0. 'NVIDIA GeForce GTX 1060' (P:1 D:1)
[2018.04.19-17.36.35:437][  0]LogWindows:    1. 'NVIDIA GeForce GTX 1060' (P:0 D:1)
[2018.04.19-17.36.35:437][  0]LogWindows:    2. 'NVIDIA GeForce GTX 1060' (P:0 D:0)
[2018.04.19-17.36.35:437][  0]LogWindows:    3. 'NVIDIA GeForce GTX 1060' (P:0 D:0)
[2018.04.19-17.36.35:438][  0]LogWindows: DebugString: GetVideoDriverDetailsInvalid PrimaryIsNotTheChoosenAdapter GetVideoDriverDetailsInvalid PrimaryIsNotTheChoosenAdapter GetVideoDriverDetailsInvalid PrimaryIsNotTheChoosenAdapter GetVideoDriverDetailsInvalid PrimaryIsNotTheChoosenAdapter FoundDriverCount:0 
[2018.04.19-17.36.35:438][  0]LogD3D11RHI:     Adapter Name: NVIDIA GeForce GTX 1060
[2018.04.19-17.36.35:438][  0]LogD3D11RHI:   Driver Version: Unknown (internal:Unknown, unified:Unknown)
[2018.04.19-17.36.35:438][  0]LogD3D11RHI:      Driver Date: Unknown
[2018.04.19-17.36.35:438][  0]LogRHI: Texture pool is 4236 MB (70% of 6052 MB)
[2018.04.19-17.36.35:473][  0]LogD3D11RHI: [Aftermath] Aftermath enabled and primed
[2018.04.19-17.36.35:473][  0]LogD3D11RHI: [Aftermath] Aftermath enabled and primed
[2018.04.19-17.36.35:473][  0]LogD3D11RHI: Async texture creation enabled
[2018.04.19-17.36.35:498][  0]LogD3D11RHI: GPU Timing Frequency: 1000.000000 (Debug: 2 2)
[2018.04.19-17.36.35:589][  0]LogShaderCompilers: Guid format shader working directory is -23 characters bigger than the processId version (../../../../../../Users/benes/Documents/Unreal Projects/FurryVSNudist/Intermediate/Shaders/WorkingDirectory/8144/).
[2018.04.19-17.36.35:589][  0]LogShaderCompilers: Cleaned the shader compiler working directory 'C:/Users/benes/AppData/Local/Temp/UnrealShaderWorkingDir/A7B2ED46473A337EAE895A81BFA6CC7A/'.
[2018.04.19-17.36.35:810][  0]LogTemp: Display: Loaded TP AllDesktopTargetPlatform
[2018.04.19-17.36.35:825][  0]LogTemp: Display: Loaded TP MacClientTargetPlatform
[2018.04.19-17.36.35:841][  0]LogTemp: Display: Loaded TP MacNoEditorTargetPlatform
[2018.04.19-17.36.35:856][  0]LogTemp: Display: Loaded TP MacServerTargetPlatform
[2018.04.19-17.36.35:871][  0]LogTemp: Display: Loaded TP MacTargetPlatform
[2018.04.19-17.36.35:885][  0]LogTemp: Display: Loaded TP WindowsClientTargetPlatform
[2018.04.19-17.36.35:899][  0]LogTemp: Display: Loaded TP WindowsNoEditorTargetPlatform
[2018.04.19-17.36.35:917][  0]LogTemp: Display: Loaded TP WindowsServerTargetPlatform
[2018.04.19-17.36.35:925][  0]LogTemp: Display: Loaded TP WindowsTargetPlatform
[2018.04.19-17.36.35:938][  0]LogTemp: Display: Loaded TP Android_ASTCTargetPlatform
[2018.04.19-17.36.35:951][  0]LogTemp: Display: Loaded TP Android_ATCTargetPlatform
[2018.04.19-17.36.35:964][  0]LogTemp: Display: Loaded TP Android_DXTTargetPlatform
[2018.04.19-17.36.35:977][  0]LogTemp: Display: Loaded TP Android_ETC1aTargetPlatform
[2018.04.19-17.36.35:990][  0]LogTemp: Display: Loaded TP Android_ETC1TargetPlatform
[2018.04.19-17.36.36:004][  0]LogTemp: Display: Loaded TP Android_ETC2TargetPlatform
[2018.04.19-17.36.36:031][  0]LogTemp: Display: Loaded TP Android_MultiTargetPlatform
[2018.04.19-17.36.36:031][  0]LogTemp: Display: Loaded TP Android_PVRTCTargetPlatform
[2018.04.19-17.36.36:044][  0]LogTemp: Display: Loaded TP AndroidTargetPlatform
[2018.04.19-17.36.36:047][  0]LogTemp: Display: Loaded TP HTML5TargetPlatform
[2018.04.19-17.36.36:090][  0]LogTemp: Display: Loaded TP IOSTargetPlatform
[2018.04.19-17.36.36:103][  0]LogTemp: Display: Loaded TP TVOSTargetPlatform
[2018.04.19-17.36.36:117][  0]LogTemp: Display: Loaded TP LinuxClientTargetPlatform
[2018.04.19-17.36.36:130][  0]LogTemp: Display: Loaded TP LinuxNoEditorTargetPlatform
[2018.04.19-17.36.36:144][  0]LogTemp: Display: Loaded TP LinuxServerTargetPlatform
[2018.04.19-17.36.36:158][  0]LogTemp: Display: Loaded TP LinuxTargetPlatform
[2018.04.19-17.36.36:158][  0]LogTargetPlatformManager: Display: Building Assets For Windows
[2018.04.19-17.36.36:304][  0]LogXGEController: Cannot use XGE Controller as Incredibuild is not installed on this machine.
[2018.04.19-17.36.36:304][  0]LogShaderCompilers: Cannot use XGE Shader Compiler as Incredibuild is not installed on this machine.
[2018.04.19-17.36.36:304][  0]LogShaderCompilers: Display: Using Local Shader Compiler.
[2018.04.19-17.36.36:975][  0]LogDerivedDataCache: Display: Max Cache Size: 512 MB
[2018.04.19-17.36.37:042][  0]LogDerivedDataCache: Loaded boot cache 0.07s 74MB C:/Users/benes/AppData/Local/UnrealEngine/4.19/DerivedDataCache/Boot.ddc.
[2018.04.19-17.36.37:042][  0]LogDerivedDataCache: Display: Loaded Boot cache: C:/Users/benes/AppData/Local/UnrealEngine/4.19/DerivedDataCache/Boot.ddc
[2018.04.19-17.36.37:042][  0]LogDerivedDataCache: FDerivedDataBackendGraph:  Pak pak cache file ../../../../../../Users/benes/Documents/Unreal Projects/FurryVSNudist/DerivedDataCache/DDC.ddp not found, will not use a pak cache.
[2018.04.19-17.36.37:042][  0]LogDerivedDataCache: Unable to find inner node Pak for hierarchical cache Hierarchy.
[2018.04.19-17.36.37:043][  0]LogDerivedDataCache: FDerivedDataBackendGraph:  CompressedPak pak cache file ../../../../../../Users/benes/Documents/Unreal Projects/FurryVSNudist/DerivedDataCache/Compressed.ddp not found, will not use a pak cache.
[2018.04.19-17.36.37:043][  0]LogDerivedDataCache: Unable to find inner node CompressedPak for hierarchical cache Hierarchy.
[2018.04.19-17.36.37:057][  0]LogDerivedDataCache: Display: Pak cache opened for reading ../../../Engine/DerivedDataCache/Compressed.ddp.
[2018.04.19-17.36.37:070][  0]LogDerivedDataCache: Using Local data cache path C:/Users/benes/AppData/Local/UnrealEngine/Common/DerivedDataCache: Writable
[2018.04.19-17.36.37:081][  0]LogMaterial: Verifying Global Shaders for PCD3D_SM5
[2018.04.19-17.36.37:081][  0]LogSlate: Using Freetype 2.6.0
[2018.04.19-17.36.37:082][  0]LogSlate: SlateFontCache - WITH_FREETYPE: 1, WITH_HARFBUZZ: 1
[2018.04.19-17.36.37:082][  0]LogSlate: SlateFontCache - WITH_FREETYPE: 1, WITH_HARFBUZZ: 1
[2018.04.19-17.36.37:202][  0]LogAssetRegistry: FAssetRegistry took 0.0275 seconds to start up
[2018.04.19-17.36.37:494][  0]LogInit: Selected Device Profile: [Windows]
[2018.04.19-17.36.37:568][  0]LogSimplygon: Simplygon DLL not present - disabling.
[2018.04.19-17.36.37:572][  0]LogMeshReduction: Using SimplygonSwarm for distributed automatic mesh merging
[2018.04.19-17.36.37:572][  0]LogMeshReduction: Using QuadricMeshReduction for automatic static mesh reduction
[2018.04.19-17.36.37:572][  0]LogMeshReduction: No automatic skeletal mesh reduction module available
[2018.04.19-17.36.37:572][  0]LogMeshReduction: No automatic mesh merging module available
[2018.04.19-17.36.37:572][  0]LogMeshMerging: No automatic mesh merging module available
[2018.04.19-17.36.37:680][  0]LogNetVersion: FurryVSNudist , NetCL: 3944462, EngineNetVer: 2, GameNetVer: 0 (Checksum: 816875037)
[2018.04.19-17.36.38:091][  0]LogPackageLocalizationCache: Processed 9 localized package path(s) for 1 prioritized culture(s) in 0.041702 seconds
[2018.04.19-17.36.38:097][  0]LogUObjectArray: 36728 objects as part of root set at end of initial load.
[2018.04.19-17.36.38:097][  0]LogUObjectAllocator: 7314312 out of 0 bytes used by permanent object pool.
[2018.04.19-17.36.38:097][  0]LogUObjectArray: CloseDisregardForGC: 0/0 objects in disregard for GC pool
[2018.04.19-17.36.39:773][  0]LogTcpMessaging: Initializing TcpMessaging bridge
[2018.04.19-17.36.39:801][  0]LogUdpMessaging: Initializing bridge on interface 0.0.0.0:0 to multicast group 230.0.0.1:6666.
[2018.04.19-17.36.40:172][  0]SourceControl: Source control is disabled
[2018.04.19-17.36.40:172][  0]SourceControl: Source control is disabled
[2018.04.19-17.36.40:189][  0]SourceControl: Source control is disabled
[2018.04.19-17.36.40:205][  0]SourceControl: Source control is disabled
[2018.04.19-17.36.40:672][  0]LogAndroidPermission: UAndroidPermissionCallbackProxy::GetInstance
[2018.04.19-17.36.40:837][  0]LogOcInput: OculusInput pre-init called
[2018.04.19-17.36.40:946][  0]LogEngine: Initializing Engine...
[2018.04.19-17.36.40:947][  0]LogHMD: Failed to initialize OpenVR with code 110
[2018.04.19-17.36.40:948][  0]LogStats: UGameplayTagsManager::ConstructGameplayTagTree: Construct from data asset -  0.000 s
[2018.04.19-17.36.40:949][  0]LogStats: UGameplayTagsManager::ConstructGameplayTagTree: GameplayTagTreeChangedEvent.Broadcast -  0.000 s
[2018.04.19-17.36.41:146][  0]LogAIModule: Creating AISystem for world Untitled
[2018.04.19-17.36.41:204][  0]LogInit: XAudio2 using 'Høyttalere (Realtek High Definition Audio)' : 2 channels at 48 kHz using 32 bits per sample (channel mask 0x3)
[2018.04.19-17.36.41:247][  0]LogInit: FAudioDevice initialized.
[2018.04.19-17.36.41:319][  0]LogDerivedDataCache: Saved boot cache 0.07s 74MB C:/Users/benes/AppData/Local/UnrealEngine/4.19/DerivedDataCache/Boot.ddc.
[2018.04.19-17.36.41:331][  0]LogInit: Texture streaming: Enabled
[2018.04.19-17.36.41:356][  0]LogEngineSessionManager: EngineSessionManager initialized
[2018.04.19-17.36.41:366][  0]LogInit: Transaction tracking system initialized
[2018.04.19-17.36.41:396][  0]BlueprintLog: New page: Editor Load
[2018.04.19-17.36.41:503][  0]LocalizationService: Localization service is disabled
[2018.04.19-17.36.41:619][  0]LogConsoleResponse: Display: 
[2018.04.19-17.36.41:752][  0]LogCook: Display: Max memory allowance for cook 16384mb min free memory 0mb
[2018.04.19-17.36.41:752][  0]LogCook: Display: Mobile HDR setting 1
[2018.04.19-17.36.41:752][  0]LogGameplayTags: Display: UGameplayTagsManager::DoneAddingNativeTags. DelegateIsBound: 0
[2018.04.19-17.36.41:752][  0]LogStats: UGameplayTagsManager::ConstructGameplayTagTree: Construct from data asset -  0.000 s
[2018.04.19-17.36.41:752][  0]LogStats: UGameplayTagsManager::ConstructGameplayTagTree: GameplayTagTreeChangedEvent.Broadcast -  0.000 s
[2018.04.19-17.36.41:999][  0]LogFileCache: Scanning file cache for directory 'C:/Users/benes/Documents/Unreal Projects/FurryVSNudist/Content/' took 0.01s
[2018.04.19-17.36.42:103][  0]SourceControl: Source control is disabled
[2018.04.19-17.36.42:103][  0]Cmd: MAP LOAD FILE="../../../../../../Users/benes/Documents/Unreal Projects/FurryVSNudist/Content/Maps/Park.umap" TEMPLATE=0 SHOWPROGRESS=1 FEATURELEVEL=3
[2018.04.19-17.36.42:104][  0]LightingResults: New page: Lighting Build
[2018.04.19-17.36.42:106][  0]MapCheck: New page: Map Check
[2018.04.19-17.36.42:106][  0]LightingResults: New page: Lighting Build
[2018.04.19-17.36.42:529][  0]LogAIModule: Creating AISystem for world Park
[2018.04.19-17.36.42:555][  0]LogEditorServer: Finished looking for orphan Actors (0.000 secs)
[2018.04.19-17.36.42:567][  0]Cmd: MAP CHECKDEP NOCLEARLOG
[2018.04.19-17.36.42:628][  0]MapCheck: Map check complete: 0 Error(s), 0 Warning(s), took 61,118ms to complete.
[2018.04.19-17.36.42:628][  0]LogFileHelpers: Loading map 'Park' took 0.526
[2018.04.19-17.36.42:688][  0]LogWindowsTextInputMethodSystem: Display: IME system now deactivated.
[2018.04.19-17.36.42:742][  0]LogCollectionManager: Loaded 0 collections in 0.001520 seconds
[2018.04.19-17.36.42:788][  0]LogFileCache: Scanning file cache for directory 'C:/Users/benes/Documents/Unreal Projects/FurryVSNudist/Saved/Collections/' took 0.01s
[2018.04.19-17.36.42:788][  0]LogFileCache: Scanning file cache for directory 'C:/Users/benes/Documents/Unreal Projects/FurryVSNudist/Content/Developers/benesl/Collections/' took 0.01s
[2018.04.19-17.36.42:788][  0]LogFileCache: Scanning file cache for directory 'C:/Users/benes/Documents/Unreal Projects/FurryVSNudist/Content/Collections/' took 0.01s
[2018.04.19-17.36.42:788][  0]LogCollectionManager: Rebuilt the GUID cache for 0 collections in 0.000000 seconds
[2018.04.19-17.36.42:797][  0]LogContentBrowser: Native class hierarchy populated in 0.0086 seconds. Added 2456 classes and 562 folders.
[2018.04.19-17.36.42:803][  0]LogContentBrowser: Native class hierarchy updated for 'WidgetCarousel' in 0.0005 seconds. Added 0 classes and 0 folders.
[2018.04.19-17.36.42:843][  0]LogContentBrowser: Native class hierarchy updated for 'AddContentDialog' in 0.0005 seconds. Added 0 classes and 0 folders.
[2018.04.19-17.36.43:998][  0]LogSlate: Only BGRA pngs, bmps or icos are supported in by External Image Picker
[2018.04.19-17.36.44:017][  0]LogSlate: Took 0.000237 seconds to synchronously load lazily loaded font '../../../Engine/Content/Slate/Fonts/Roboto-Regular.ttf' (155K)
[2018.04.19-17.36.44:024][  0]LogSlate: Took 0.000286 seconds to synchronously load lazily loaded font '../../../Engine/Content/Editor/Slate/Fonts/FontAwesome.ttf' (139K)
[2018.04.19-17.36.44:024][  0]LogSlate: Took 0.000249 seconds to synchronously load lazily loaded font '../../../Engine/Content/Slate/Fonts/Roboto-Bold.ttf' (160K)
[2018.04.19-17.36.44:034][  0]LogSlate: Took 0.000250 seconds to synchronously load lazily loaded font '../../../Engine/Content/Slate/Fonts/Roboto-Light.ttf' (167K)
[2018.04.19-17.36.44:137][  0]LogTemp: Executing iPhonePackager certificates Engine -bundlename com.YourCompany.FurryVSNudist
[2018.04.19-17.36.44:137][  0]LogTemp: CWD: C:\Program Files\Epic Games\UE_4.19\Engine\Binaries\DotNET\IOS
[2018.04.19-17.36.44:137][  0]LogTemp: Initial Dir: C:\Program Files\Epic Games\UE_4.19
[2018.04.19-17.36.44:137][  0]LogTemp: Env CWD: C:\Program Files\Epic Games\UE_4.19\Engine\Binaries\DotNET\IOS
[2018.04.19-17.36.44:137][  0]LogTemp: BranchPath = MSI/C/Program Files/Epic Games/UE_4.19/Engine/Binaries --- GameBranchPath = MSI/C/Program Files/Epic Games/UE_4.19/Engine/Binaries
[2018.04.19-17.36.44:137][  0]LogTemp: IPP ERROR: Could not find provision directory 'C:\Users\benes\AppData\Local/Apple Computer/MobileDevice/Provisioning Profiles/'.
[2018.04.19-17.36.44:137][  0]LogRenderer: Reallocating scene render targets to support 1400x888 Format 10 NumSamples 1 (Frame:1).
[2018.04.19-17.36.44:310][  0]LogContentBrowser: Native class hierarchy updated for 'HierarchicalLODOutliner' in 0.0010 seconds. Added 0 classes and 0 folders.
[2018.04.19-17.36.44:311][  0]LogLoad: (Engine Initialization) Total time: 12.35 seconds
[2018.04.19-17.36.44:311][  0]LogLoad: (Engine Initialization) Total Blueprint compile time: 0.00 seconds
[2018.04.19-17.36.44:352][  0]LogContentStreaming: Texture pool size now 1000 MB
[2018.04.19-17.36.44:413][  1]LogRenderer: Reallocating scene render targets to support 1400x904 Format 10 NumSamples 1 (Frame:3).
[2018.04.19-17.36.44:427][  1]LogAssetRegistry: Asset discovery search completed in 7.2479 seconds
[2018.04.19-17.36.44:430][  1]LogCollectionManager: Rebuilt the object cache for 0 collections in 0.000000 seconds (found 0 objects)
[2018.04.19-17.36.44:430][  1]LogCollectionManager: Fixed up redirectors for 0 collections in 0.000192 seconds (updated 0 objects)
[2018.04.19-17.36.48:501][241]LogSlate: FSceneViewport::OnFocusLost() reason 0
