Log file open, 04/19/18 19:17:31
LogWindows: Failed to load 'aqProf.dll' (GetLastError=126)
LogWindows: File 'aqProf.dll' does not exist
LogWindows: Failed to load 'VtuneApi.dll' (GetLastError=126)
LogWindows: File 'VtuneApi.dll' does not exist
LogWindows: Failed to load 'VtuneApi32e.dll' (GetLastError=126)
LogWindows: File 'VtuneApi32e.dll' does not exist
LogInit: Display: Running engine for game: FurryVSNudist
LogPlatformFile: Not using cached read wrapper
LogInit: Display: RandInit(1472936428) SRandInit(1472936428).
LogInit: Read version file with build ID '3944462'
LogInit: Overriding engine version to CL 3989454, compatible CL 3944462
LogInit: Registered custom module enumerator with build ID '3944462'
LogTaskGraph: Started task graph with 5 named threads and 23 total threads with 3 sets of task threads.
LogStats: Stats thread started at 0.268809
LogD3D11RHI: Aftermath initialized
LogICUInternationalization: Display: ICU TimeZone Detection - Raw Offset: +1:00, Platform Override: ''
LogPluginManager: Mounting plugin Paper2D
LogPluginManager: Mounting plugin LiveLink
LogPluginManager: Mounting plugin LightPropagationVolume
LogPluginManager: Mounting plugin CLionSourceCodeAccess
LogPluginManager: Mounting plugin CodeLiteSourceCodeAccess
LogPluginManager: Mounting plugin GitSourceControl
LogPluginManager: Mounting plugin KDevelopSourceCodeAccess
LogPluginManager: Mounting plugin NullSourceCodeAccess
LogPluginManager: Mounting plugin PerforceSourceControl
LogPluginManager: Mounting plugin SubversionSourceControl
LogPluginManager: Mounting plugin UObjectPlugin
LogPluginManager: Mounting plugin VisualStudioCodeSourceCodeAccess
LogPluginManager: Mounting plugin VisualStudioSourceCodeAccess
LogPluginManager: Mounting plugin XCodeSourceCodeAccess
LogPluginManager: Mounting plugin AssetManagerEditor
LogPluginManager: Mounting plugin CryptoKeys
LogPluginManager: Mounting plugin DataValidation
LogPluginManager: Mounting plugin FacialAnimation
LogPluginManager: Mounting plugin GameplayTagsEditor
LogPluginManager: Mounting plugin MobileLauncherProfileWizard
LogPluginManager: Mounting plugin PluginBrowser
LogPluginManager: Mounting plugin SpeedTreeImporter
LogPluginManager: Mounting plugin DatasmithContent
LogPluginManager: Mounting plugin AlembicImporter
LogPluginManager: Mounting plugin CharacterAI
LogPluginManager: Mounting plugin HTML5Networking
LogPluginManager: Mounting plugin AndroidMedia
LogPluginManager: Mounting plugin AvfMedia
LogPluginManager: Mounting plugin ImgMedia
LogPluginManager: Mounting plugin LinearTimecode
LogPluginManager: Mounting plugin MediaCompositing
LogPluginManager: Mounting plugin MediaPlayerEditor
LogPluginManager: Mounting plugin WmfMedia
LogPluginManager: Mounting plugin TcpMessaging
LogPluginManager: Mounting plugin UdpMessaging
LogPluginManager: Mounting plugin ActorSequence
LogPluginManager: Mounting plugin LevelSequenceEditor
LogPluginManager: Mounting plugin MatineeToLevelSequence
LogPluginManager: Mounting plugin NetcodeUnitTest
LogPluginManager: Mounting plugin NUTUnrealEngine4
LogPluginManager: Mounting plugin OnlineSubsystemGooglePlay
LogPluginManager: Mounting plugin OnlineSubsystemIOS
LogPluginManager: Mounting plugin OnlineSubsystem
LogPluginManager: Mounting plugin OnlineSubsystemNull
LogPluginManager: Mounting plugin OnlineSubsystemUtils
LogPluginManager: Mounting plugin AndroidDeviceProfileSelector
LogPluginManager: Mounting plugin AndroidMoviePlayer
LogPluginManager: Mounting plugin AndroidPermission
LogPluginManager: Mounting plugin AppleARKit
LogPluginManager: Mounting plugin AppleMoviePlayer
LogPluginManager: Mounting plugin ArchVisCharacter
LogPluginManager: Mounting plugin AudioCapture
LogPluginManager: Mounting plugin CableComponent
LogPluginManager: Mounting plugin CustomMeshComponent
LogPluginManager: Mounting plugin ExampleDeviceProfileSelector
LogPluginManager: Mounting plugin GoogleCloudMessaging
LogPluginManager: Mounting plugin ImmediatePhysics
LogPluginManager: Mounting plugin IOSDeviceProfileSelector
LogPluginManager: Mounting plugin LinuxDeviceProfileSelector
LogPluginManager: Mounting plugin LocationServicesBPLibrary
LogPluginManager: Mounting plugin MobilePatchingUtils
LogPluginManager: Mounting plugin OculusVR
LogPluginManager: Plugin shader directory ../../../Engine/Plugins/Runtime/Oculus/OculusVR/Shaders found
LogPluginManager: Mapping shader source directory ../../../Engine/Plugins/Runtime/Oculus/OculusVR/Shaders to virtual directory /Plugin/OculusVR
LogPluginManager: Mounting plugin PhysXVehicles
LogPluginManager: Mounting plugin ProceduralMeshComponent
LogPluginManager: Mounting plugin RuntimePhysXCooking
LogPluginManager: Mounting plugin SteamVR
LogPluginManager: Mounting plugin WindowsMoviePlayer
LogStreaming: Display: Took  0.110s to configure plugins.
LogModuleManager: Warning: Module file ../../../../../../Users/benes/Documents/Unreal Projects/FurryVSNudist/Binaries/Win64/UE4Editor-FurryVSNudist-1077.dll is missing. This is likely a stale module that must be recompiled.
LogModuleManager: Display: Found up-to-date module file ../../../Engine/Plugins/2D/Paper2D/Binaries/Win64/UE4Editor-Paper2D.dll (API version 3944462).
LogModuleManager: Display: Found up-to-date module file ../../../Engine/Plugins/2D/Paper2D/Binaries/Win64/UE4Editor-Paper2DEditor.dll (API version 3944462).
LogModuleManager: Display: Found up-to-date module file ../../../Engine/Plugins/2D/Paper2D/Binaries/Win64/UE4Editor-PaperSpriteSheetImporter.dll (API version 3944462).
LogModuleManager: Display: Found up-to-date module file ../../../Engine/Plugins/2D/Paper2D/Binaries/Win64/UE4Editor-PaperTiledImporter.dll (API version 3944462).
LogModuleManager: Display: Found up-to-date module file ../../../Engine/Plugins/2D/Paper2D/Binaries/Win64/UE4Editor-SmartSnapping.dll (API version 3944462).
LogModuleManager: Display: Found up-to-date module file ../../../Engine/Plugins/Animation/LiveLink/Binaries/Win64/UE4Editor-LiveLink.dll (API version 3944462).
LogModuleManager: Display: Found up-to-date module file ../../../Engine/Plugins/Animation/LiveLink/Binaries/Win64/UE4Editor-LiveLinkEditor.dll (API version 3944462).
LogModuleManager: Display: Found up-to-date module file ../../../Engine/Plugins/Blendables/LightPropagationVolume/Binaries/Win64/UE4Editor-LightPropagationVolumeRuntime.dll (API version 3944462).
LogModuleManager: Display: Found up-to-date module file ../../../Engine/Plugins/Blendables/LightPropagationVolume/Binaries/Win64/UE4Editor-LightPropagationVolumeEditor.dll (API version 3944462).
LogModuleManager: Display: Found up-to-date module file ../../../Engine/Plugins/Developer/CLionSourceCodeAccess/Binaries/Win64/UE4Editor-CLionSourceCodeAccess.dll (API version 3944462).
LogModuleManager: Display: Found up-to-date module file ../../../Engine/Plugins/Developer/GitSourceControl/Binaries/Win64/UE4Editor-GitSourceControl.dll (API version 3944462).
LogModuleManager: Display: Found up-to-date module file ../../../Engine/Plugins/Developer/PerforceSourceControl/Binaries/Win64/UE4Editor-PerforceSourceControl.dll (API version 3944462).
LogModuleManager: Display: Found up-to-date module file ../../../Engine/Plugins/Developer/SubversionSourceControl/Binaries/Win64/UE4Editor-SubversionSourceControl.dll (API version 3944462).
LogModuleManager: Display: Found up-to-date module file ../../../Engine/Plugins/Developer/UObjectPlugin/Binaries/Win64/UE4Editor-UObjectPlugin.dll (API version 3944462).
LogModuleManager: Display: Found up-to-date module file ../../../Engine/Plugins/Developer/VisualStudioCodeSourceCodeAccess/Binaries/Win64/UE4Editor-VisualStudioCodeSourceCodeAccess.dll (API version 3944462).
LogModuleManager: Display: Found up-to-date module file ../../../Engine/Plugins/Developer/VisualStudioSourceCodeAccess/Binaries/Win64/UE4Editor-VisualStudioSourceCodeAccess.dll (API version 3944462).
LogModuleManager: Display: Found up-to-date module file ../../../Engine/Plugins/Editor/AssetManagerEditor/Binaries/Win64/UE4Editor-AssetManagerEditor.dll (API version 3944462).
LogModuleManager: Display: Found up-to-date module file ../../../Engine/Plugins/Editor/CryptoKeys/Binaries/Win64/UE4Editor-CryptoKeys.dll (API version 3944462).
LogModuleManager: Display: Found up-to-date module file ../../../Engine/Plugins/Editor/CryptoKeys/Binaries/Win64/UE4Editor-CryptoKeysOpenSSL.dll (API version 3944462).
LogModuleManager: Display: Found up-to-date module file ../../../Engine/Plugins/Editor/DataValidation/Binaries/Win64/UE4Editor-DataValidation.dll (API version 3944462).
LogModuleManager: Display: Found up-to-date module file ../../../Engine/Plugins/Editor/FacialAnimation/Binaries/Win64/UE4Editor-FacialAnimation.dll (API version 3944462).
LogModuleManager: Display: Found up-to-date module file ../../../Engine/Plugins/Editor/FacialAnimation/Binaries/Win64/UE4Editor-FacialAnimationEditor.dll (API version 3944462).
LogModuleManager: Display: Found up-to-date module file ../../../Engine/Plugins/Editor/GameplayTagsEditor/Binaries/Win64/UE4Editor-GameplayTagsEditor.dll (API version 3944462).
LogModuleManager: Display: Found up-to-date module file ../../../Engine/Plugins/Editor/MobileLauncherProfileWizard/Binaries/Win64/UE4Editor-MobileLauncherProfileWizard.dll (API version 3944462).
LogModuleManager: Display: Found up-to-date module file ../../../Engine/Plugins/Editor/PluginBrowser/Binaries/Win64/UE4Editor-PluginBrowser.dll (API version 3944462).
LogModuleManager: Display: Found up-to-date module file ../../../Engine/Plugins/Editor/SpeedTreeImporter/Binaries/Win64/UE4Editor-SpeedTreeImporter.dll (API version 3944462).
LogModuleManager: Display: Found up-to-date module file ../../../Engine/Plugins/Enterprise/DatasmithContent/Binaries/Win64/UE4Editor-DatasmithContent.dll (API version 3944462).
LogModuleManager: Display: Found up-to-date module file ../../../Engine/Plugins/Experimental/AlembicImporter/Binaries/Win64/UE4Editor-AlembicImporter.dll (API version 3944462).
LogModuleManager: Display: Found up-to-date module file ../../../Engine/Plugins/Experimental/AlembicImporter/Binaries/Win64/UE4Editor-AlembicLibrary.dll (API version 3944462).
LogModuleManager: Display: Found up-to-date module file ../../../Engine/Plugins/Experimental/CharacterAI/Binaries/Win64/UE4Editor-CharacterAI.dll (API version 3944462).
LogModuleManager: Display: Found up-to-date module file ../../../Engine/Plugins/Experimental/HTML5Networking/Binaries/Win64/UE4Editor-HTML5Networking.dll (API version 3944462).
LogModuleManager: Display: Found up-to-date module file ../../../Engine/Plugins/Media/AndroidMedia/Binaries/Win64/UE4Editor-AndroidMediaEditor.dll (API version 3944462).
LogModuleManager: Display: Found up-to-date module file ../../../Engine/Plugins/Media/AndroidMedia/Binaries/Win64/UE4Editor-AndroidMediaFactory.dll (API version 3944462).
LogModuleManager: Display: Found up-to-date module file ../../../Engine/Plugins/Media/AvfMedia/Binaries/Win64/UE4Editor-AvfMediaEditor.dll (API version 3944462).
LogModuleManager: Display: Found up-to-date module file ../../../Engine/Plugins/Media/AvfMedia/Binaries/Win64/UE4Editor-AvfMediaFactory.dll (API version 3944462).
LogModuleManager: Display: Found up-to-date module file ../../../Engine/Plugins/Media/AvfMedia/Binaries/Win64/UE4Editor-AvfMediaFactory.dll (API version 3944462).
LogModuleManager: Display: Found up-to-date module file ../../../Engine/Plugins/Media/ImgMedia/Binaries/Win64/UE4Editor-ImgMedia.dll (API version 3944462).
LogModuleManager: Display: Found up-to-date module file ../../../Engine/Plugins/Media/ImgMedia/Binaries/Win64/UE4Editor-ImgMediaEditor.dll (API version 3944462).
LogModuleManager: Display: Found up-to-date module file ../../../Engine/Plugins/Media/ImgMedia/Binaries/Win64/UE4Editor-ImgMediaFactory.dll (API version 3944462).
LogModuleManager: Display: Found up-to-date module file ../../../Engine/Plugins/Media/ImgMedia/Binaries/Win64/UE4Editor-ImgMediaFactory.dll (API version 3944462).
LogModuleManager: Display: Found up-to-date module file ../../../Engine/Plugins/Media/ImgMedia/Binaries/Win64/UE4Editor-OpenExrWrapper.dll (API version 3944462).
LogModuleManager: Display: Found up-to-date module file ../../../Engine/Plugins/Media/LinearTimecode/Binaries/Win64/UE4Editor-LinearTimecode.dll (API version 3944462).
LogModuleManager: Display: Found up-to-date module file ../../../Engine/Plugins/Media/MediaCompositing/Binaries/Win64/UE4Editor-MediaCompositing.dll (API version 3944462).
LogModuleManager: Display: Found up-to-date module file ../../../Engine/Plugins/Media/MediaCompositing/Binaries/Win64/UE4Editor-MediaCompositingEditor.dll (API version 3944462).
LogModuleManager: Display: Found up-to-date module file ../../../Engine/Plugins/Media/MediaPlayerEditor/Binaries/Win64/UE4Editor-MediaPlayerEditor.dll (API version 3944462).
LogModuleManager: Display: Found up-to-date module file ../../../Engine/Plugins/Media/WmfMedia/Binaries/Win64/UE4Editor-WmfMedia.dll (API version 3944462).
LogModuleManager: Display: Found up-to-date module file ../../../Engine/Plugins/Media/WmfMedia/Binaries/Win64/UE4Editor-WmfMediaEditor.dll (API version 3944462).
LogModuleManager: Display: Found up-to-date module file ../../../Engine/Plugins/Media/WmfMedia/Binaries/Win64/UE4Editor-WmfMediaFactory.dll (API version 3944462).
LogModuleManager: Display: Found up-to-date module file ../../../Engine/Plugins/Media/WmfMedia/Binaries/Win64/UE4Editor-WmfMediaFactory.dll (API version 3944462).
LogModuleManager: Display: Found up-to-date module file ../../../Engine/Plugins/Messaging/TcpMessaging/Binaries/Win64/UE4Editor-TcpMessaging.dll (API version 3944462).
LogModuleManager: Display: Found up-to-date module file ../../../Engine/Plugins/Messaging/UdpMessaging/Binaries/Win64/UE4Editor-UdpMessaging.dll (API version 3944462).
LogModuleManager: Display: Found up-to-date module file ../../../Engine/Plugins/MovieScene/ActorSequence/Binaries/Win64/UE4Editor-ActorSequence.dll (API version 3944462).
LogModuleManager: Display: Found up-to-date module file ../../../Engine/Plugins/MovieScene/LevelSequenceEditor/Binaries/Win64/UE4Editor-LevelSequenceEditor.dll (API version 3944462).
LogModuleManager: Display: Found up-to-date module file ../../../Engine/Plugins/MovieScene/MatineeToLevelSequence/Binaries/Win64/UE4Editor-MatineeToLevelSequence.dll (API version 3944462).
LogModuleManager: Display: Found up-to-date module file ../../../Engine/Plugins/NetcodeUnitTest/NetcodeUnitTest/Binaries/Win64/UE4Editor-NetcodeUnitTest.dll (API version 3944462).
LogModuleManager: Display: Found up-to-date module file ../../../Engine/Plugins/NetcodeUnitTest/NUTUnrealEngine4/Binaries/Win64/UE4Editor-NUTUnrealEngine4.dll (API version 3944462).
LogModuleManager: Display: Found up-to-date module file ../../../Engine/Plugins/Online/OnlineSubsystem/Binaries/Win64/UE4Editor-OnlineSubsystem.dll (API version 3944462).
LogModuleManager: Display: Found up-to-date module file ../../../Engine/Plugins/Online/OnlineSubsystemNull/Binaries/Win64/UE4Editor-OnlineSubsystemNull.dll (API version 3944462).
LogModuleManager: Display: Found up-to-date module file ../../../Engine/Plugins/Online/OnlineSubsystemUtils/Binaries/Win64/UE4Editor-OnlineSubsystemUtils.dll (API version 3944462).
LogModuleManager: Display: Found up-to-date module file ../../../Engine/Plugins/Online/OnlineSubsystemUtils/Binaries/Win64/UE4Editor-OnlineBlueprintSupport.dll (API version 3944462).
LogModuleManager: Display: Found up-to-date module file ../../../Engine/Plugins/Runtime/AndroidDeviceProfileSelector/Binaries/Win64/UE4Editor-AndroidDeviceProfileSelector.dll (API version 3944462).
LogModuleManager: Display: Found up-to-date module file ../../../Engine/Plugins/Runtime/AndroidPermission/Binaries/Win64/UE4Editor-AndroidPermission.dll (API version 3944462).
LogModuleManager: Display: Found up-to-date module file ../../../Engine/Plugins/Runtime/AppleARKit/Binaries/Win64/UE4Editor-AppleARKit.dll (API version 3944462).
LogModuleManager: Display: Found up-to-date module file ../../../Engine/Plugins/Runtime/ArchVisCharacter/Binaries/Win64/UE4Editor-ArchVisCharacter.dll (API version 3944462).
LogModuleManager: Display: Found up-to-date module file ../../../Engine/Plugins/Runtime/AudioCapture/Binaries/Win64/UE4Editor-AudioCapture.dll (API version 3944462).
LogModuleManager: Display: Found up-to-date module file ../../../Engine/Plugins/Runtime/AudioCapture/Binaries/Win64/UE4Editor-AudioCaptureEditor.dll (API version 3944462).
LogModuleManager: Display: Found up-to-date module file ../../../Engine/Plugins/Runtime/CableComponent/Binaries/Win64/UE4Editor-CableComponent.dll (API version 3944462).
LogModuleManager: Display: Found up-to-date module file ../../../Engine/Plugins/Runtime/CustomMeshComponent/Binaries/Win64/UE4Editor-CustomMeshComponent.dll (API version 3944462).
LogModuleManager: Display: Found up-to-date module file ../../../Engine/Plugins/Runtime/ExampleDeviceProfileSelector/Binaries/Win64/UE4Editor-ExampleDeviceProfileSelector.dll (API version 3944462).
LogModuleManager: Display: Found up-to-date module file ../../../Engine/Plugins/Runtime/ImmediatePhysics/Binaries/Win64/UE4Editor-ImmediatePhysics.dll (API version 3944462).
LogModuleManager: Display: Found up-to-date module file ../../../Engine/Plugins/Runtime/ImmediatePhysics/Binaries/Win64/UE4Editor-ImmediatePhysicsEditor.dll (API version 3944462).
LogModuleManager: Display: Found up-to-date module file ../../../Engine/Plugins/Runtime/LocationServicesBPLibrary/Binaries/Win64/UE4Editor-LocationServicesBPLibrary.dll (API version 3944462).
LogModuleManager: Display: Found up-to-date module file ../../../Engine/Plugins/Runtime/MobilePatchingUtils/Binaries/Win64/UE4Editor-MobilePatchingUtils.dll (API version 3944462).
LogModuleManager: Display: Found up-to-date module file ../../../Engine/Plugins/Runtime/Oculus/OculusVR/Binaries/Win64/UE4Editor-OculusHMD.dll (API version 3944462).
LogModuleManager: Display: Found up-to-date module file ../../../Engine/Plugins/Runtime/Oculus/OculusVR/Binaries/Win64/UE4Editor-OculusInput.dll (API version 3944462).
LogModuleManager: Display: Found up-to-date module file ../../../Engine/Plugins/Runtime/Oculus/OculusVR/Binaries/Win64/UE4Editor-OculusEditor.dll (API version 3944462).
LogModuleManager: Display: Found up-to-date module file ../../../Engine/Plugins/Runtime/PhysXVehicles/Binaries/Win64/UE4Editor-PhysXVehicles.dll (API version 3944462).
LogModuleManager: Display: Found up-to-date module file ../../../Engine/Plugins/Runtime/PhysXVehicles/Binaries/Win64/UE4Editor-PhysXVehiclesEditor.dll (API version 3944462).
LogModuleManager: Display: Found up-to-date module file ../../../Engine/Plugins/Runtime/ProceduralMeshComponent/Binaries/Win64/UE4Editor-ProceduralMeshComponent.dll (API version 3944462).
LogModuleManager: Display: Found up-to-date module file ../../../Engine/Plugins/Runtime/ProceduralMeshComponent/Binaries/Win64/UE4Editor-ProceduralMeshComponentEditor.dll (API version 3944462).
LogModuleManager: Display: Found up-to-date module file ../../../Engine/Plugins/Runtime/RuntimePhysXCooking/Binaries/Win64/UE4Editor-RuntimePhysXCooking.dll (API version 3944462).
LogModuleManager: Display: Found up-to-date module file ../../../Engine/Plugins/Runtime/Steam/SteamVR/Binaries/Win64/UE4Editor-SteamVR.dll (API version 3944462).
LogModuleManager: Display: Found up-to-date module file ../../../Engine/Plugins/Runtime/Steam/SteamVR/Binaries/Win64/UE4Editor-SteamVRController.dll (API version 3944462).
LogModuleManager: Display: Found up-to-date module file ../../../Engine/Plugins/Runtime/WindowsMoviePlayer/Binaries/Win64/UE4Editor-WindowsMoviePlayer.dll (API version 3944462).
LogInit: Warning: Incompatible or missing module: UE4Editor-FurryVSNudist.dll
Running C:/Program Files/Epic Games/UE_4.19/Engine/Binaries/DotNET/UnrealBuildTool.exe FurryVSNudist Development Win64 -project="C:/Users/benes/Documents/Unreal Projects/FurryVSNudist/FurryVSNudist.uproject" -editorrecompile -progress -NoHotReloadFromIDE
@progress push 5%
@progress pop
Performing 3 actions (4 in parallel)
FurryCharacter.cpp
[2/3] Link UE4Editor-FurryVSNudist.dll
[3/3] Link UE4Editor-FurryVSNudist.lib
   Creating library C:\Users\benes\Documents\Unreal Projects\FurryVSNudist\Intermediate\Build\Win64\UE4Editor\Development\UE4Editor-FurryVSNudist.lib and object C:\Users\benes\Documents\Unreal Projects\FurryVSNudist\Intermediate\Build\Win64\UE4Editor\Development\UE4Editor-FurryVSNudist.exp
   Creating library C:\Users\benes\Documents\Unreal Projects\FurryVSNudist\Intermediate\Build\Win64\UE4Editor\Development\UE4Editor-FurryVSNudist.suppressed.lib and object C:\Users\benes\Documents\Unreal Projects\FurryVSNudist\Intermediate\Build\Win64\UE4Editor\Development\UE4Editor-FurryVSNudist.suppressed.exp
Total build time: 1,97 seconds (Local executor: 1,22 seconds)
LogModuleManager: Display: Found up-to-date module file ../../../../../../Users/benes/Documents/Unreal Projects/FurryVSNudist/Binaries/Win64/UE4Editor-FurryVSNudist.dll (API version 3944462).
LogModuleManager: Display: Found up-to-date module file ../../../Engine/Plugins/2D/Paper2D/Binaries/Win64/UE4Editor-Paper2D.dll (API version 3944462).
LogModuleManager: Display: Found up-to-date module file ../../../Engine/Plugins/2D/Paper2D/Binaries/Win64/UE4Editor-Paper2DEditor.dll (API version 3944462).
LogModuleManager: Display: Found up-to-date module file ../../../Engine/Plugins/2D/Paper2D/Binaries/Win64/UE4Editor-PaperSpriteSheetImporter.dll (API version 3944462).
LogModuleManager: Display: Found up-to-date module file ../../../Engine/Plugins/2D/Paper2D/Binaries/Win64/UE4Editor-PaperTiledImporter.dll (API version 3944462).
LogModuleManager: Display: Found up-to-date module file ../../../Engine/Plugins/2D/Paper2D/Binaries/Win64/UE4Editor-SmartSnapping.dll (API version 3944462).
LogModuleManager: Display: Found up-to-date module file ../../../Engine/Plugins/Animation/LiveLink/Binaries/Win64/UE4Editor-LiveLink.dll (API version 3944462).
LogModuleManager: Display: Found up-to-date module file ../../../Engine/Plugins/Animation/LiveLink/Binaries/Win64/UE4Editor-LiveLinkEditor.dll (API version 3944462).
LogModuleManager: Display: Found up-to-date module file ../../../Engine/Plugins/Blendables/LightPropagationVolume/Binaries/Win64/UE4Editor-LightPropagationVolumeRuntime.dll (API version 3944462).
LogModuleManager: Display: Found up-to-date module file ../../../Engine/Plugins/Blendables/LightPropagationVolume/Binaries/Win64/UE4Editor-LightPropagationVolumeEditor.dll (API version 3944462).
LogModuleManager: Display: Found up-to-date module file ../../../Engine/Plugins/Developer/CLionSourceCodeAccess/Binaries/Win64/UE4Editor-CLionSourceCodeAccess.dll (API version 3944462).
LogModuleManager: Display: Found up-to-date module file ../../../Engine/Plugins/Developer/GitSourceControl/Binaries/Win64/UE4Editor-GitSourceControl.dll (API version 3944462).
LogModuleManager: Display: Found up-to-date module file ../../../Engine/Plugins/Developer/PerforceSourceControl/Binaries/Win64/UE4Editor-PerforceSourceControl.dll (API version 3944462).
LogModuleManager: Display: Found up-to-date module file ../../../Engine/Plugins/Developer/SubversionSourceControl/Binaries/Win64/UE4Editor-SubversionSourceControl.dll (API version 3944462).
LogModuleManager: Display: Found up-to-date module file ../../../Engine/Plugins/Developer/UObjectPlugin/Binaries/Win64/UE4Editor-UObjectPlugin.dll (API version 3944462).
LogModuleManager: Display: Found up-to-date module file ../../../Engine/Plugins/Developer/VisualStudioCodeSourceCodeAccess/Binaries/Win64/UE4Editor-VisualStudioCodeSourceCodeAccess.dll (API version 3944462).
LogModuleManager: Display: Found up-to-date module file ../../../Engine/Plugins/Developer/VisualStudioSourceCodeAccess/Binaries/Win64/UE4Editor-VisualStudioSourceCodeAccess.dll (API version 3944462).
LogModuleManager: Display: Found up-to-date module file ../../../Engine/Plugins/Editor/AssetManagerEditor/Binaries/Win64/UE4Editor-AssetManagerEditor.dll (API version 3944462).
LogModuleManager: Display: Found up-to-date module file ../../../Engine/Plugins/Editor/CryptoKeys/Binaries/Win64/UE4Editor-CryptoKeys.dll (API version 3944462).
LogModuleManager: Display: Found up-to-date module file ../../../Engine/Plugins/Editor/CryptoKeys/Binaries/Win64/UE4Editor-CryptoKeysOpenSSL.dll (API version 3944462).
LogModuleManager: Display: Found up-to-date module file ../../../Engine/Plugins/Editor/DataValidation/Binaries/Win64/UE4Editor-DataValidation.dll (API version 3944462).
LogModuleManager: Display: Found up-to-date module file ../../../Engine/Plugins/Editor/FacialAnimation/Binaries/Win64/UE4Editor-FacialAnimation.dll (API version 3944462).
LogModuleManager: Display: Found up-to-date module file ../../../Engine/Plugins/Editor/FacialAnimation/Binaries/Win64/UE4Editor-FacialAnimationEditor.dll (API version 3944462).
LogModuleManager: Display: Found up-to-date module file ../../../Engine/Plugins/Editor/GameplayTagsEditor/Binaries/Win64/UE4Editor-GameplayTagsEditor.dll (API version 3944462).
LogModuleManager: Display: Found up-to-date module file ../../../Engine/Plugins/Editor/MobileLauncherProfileWizard/Binaries/Win64/UE4Editor-MobileLauncherProfileWizard.dll (API version 3944462).
LogModuleManager: Display: Found up-to-date module file ../../../Engine/Plugins/Editor/PluginBrowser/Binaries/Win64/UE4Editor-PluginBrowser.dll (API version 3944462).
LogModuleManager: Display: Found up-to-date module file ../../../Engine/Plugins/Editor/SpeedTreeImporter/Binaries/Win64/UE4Editor-SpeedTreeImporter.dll (API version 3944462).
LogModuleManager: Display: Found up-to-date module file ../../../Engine/Plugins/Enterprise/DatasmithContent/Binaries/Win64/UE4Editor-DatasmithContent.dll (API version 3944462).
LogModuleManager: Display: Found up-to-date module file ../../../Engine/Plugins/Experimental/AlembicImporter/Binaries/Win64/UE4Editor-AlembicImporter.dll (API version 3944462).
LogModuleManager: Display: Found up-to-date module file ../../../Engine/Plugins/Experimental/AlembicImporter/Binaries/Win64/UE4Editor-AlembicLibrary.dll (API version 3944462).
LogModuleManager: Display: Found up-to-date module file ../../../Engine/Plugins/Experimental/CharacterAI/Binaries/Win64/UE4Editor-CharacterAI.dll (API version 3944462).
LogModuleManager: Display: Found up-to-date module file ../../../Engine/Plugins/Experimental/HTML5Networking/Binaries/Win64/UE4Editor-HTML5Networking.dll (API version 3944462).
LogModuleManager: Display: Found up-to-date module file ../../../Engine/Plugins/Media/AndroidMedia/Binaries/Win64/UE4Editor-AndroidMediaEditor.dll (API version 3944462).
LogModuleManager: Display: Found up-to-date module file ../../../Engine/Plugins/Media/AndroidMedia/Binaries/Win64/UE4Editor-AndroidMediaFactory.dll (API version 3944462).
LogModuleManager: Display: Found up-to-date module file ../../../Engine/Plugins/Media/AvfMedia/Binaries/Win64/UE4Editor-AvfMediaEditor.dll (API version 3944462).
LogModuleManager: Display: Found up-to-date module file ../../../Engine/Plugins/Media/AvfMedia/Binaries/Win64/UE4Editor-AvfMediaFactory.dll (API version 3944462).
LogModuleManager: Display: Found up-to-date module file ../../../Engine/Plugins/Media/AvfMedia/Binaries/Win64/UE4Editor-AvfMediaFactory.dll (API version 3944462).
LogModuleManager: Display: Found up-to-date module file ../../../Engine/Plugins/Media/ImgMedia/Binaries/Win64/UE4Editor-ImgMedia.dll (API version 3944462).
LogModuleManager: Display: Found up-to-date module file ../../../Engine/Plugins/Media/ImgMedia/Binaries/Win64/UE4Editor-ImgMediaEditor.dll (API version 3944462).
LogModuleManager: Display: Found up-to-date module file ../../../Engine/Plugins/Media/ImgMedia/Binaries/Win64/UE4Editor-ImgMediaFactory.dll (API version 3944462).
LogModuleManager: Display: Found up-to-date module file ../../../Engine/Plugins/Media/ImgMedia/Binaries/Win64/UE4Editor-ImgMediaFactory.dll (API version 3944462).
LogModuleManager: Display: Found up-to-date module file ../../../Engine/Plugins/Media/ImgMedia/Binaries/Win64/UE4Editor-OpenExrWrapper.dll (API version 3944462).
LogModuleManager: Display: Found up-to-date module file ../../../Engine/Plugins/Media/LinearTimecode/Binaries/Win64/UE4Editor-LinearTimecode.dll (API version 3944462).
LogModuleManager: Display: Found up-to-date module file ../../../Engine/Plugins/Media/MediaCompositing/Binaries/Win64/UE4Editor-MediaCompositing.dll (API version 3944462).
LogModuleManager: Display: Found up-to-date module file ../../../Engine/Plugins/Media/MediaCompositing/Binaries/Win64/UE4Editor-MediaCompositingEditor.dll (API version 3944462).
LogModuleManager: Display: Found up-to-date module file ../../../Engine/Plugins/Media/MediaPlayerEditor/Binaries/Win64/UE4Editor-MediaPlayerEditor.dll (API version 3944462).
LogModuleManager: Display: Found up-to-date module file ../../../Engine/Plugins/Media/WmfMedia/Binaries/Win64/UE4Editor-WmfMedia.dll (API version 3944462).
LogModuleManager: Display: Found up-to-date module file ../../../Engine/Plugins/Media/WmfMedia/Binaries/Win64/UE4Editor-WmfMediaEditor.dll (API version 3944462).
LogModuleManager: Display: Found up-to-date module file ../../../Engine/Plugins/Media/WmfMedia/Binaries/Win64/UE4Editor-WmfMediaFactory.dll (API version 3944462).
LogModuleManager: Display: Found up-to-date module file ../../../Engine/Plugins/Media/WmfMedia/Binaries/Win64/UE4Editor-WmfMediaFactory.dll (API version 3944462).
LogModuleManager: Display: Found up-to-date module file ../../../Engine/Plugins/Messaging/TcpMessaging/Binaries/Win64/UE4Editor-TcpMessaging.dll (API version 3944462).
LogModuleManager: Display: Found up-to-date module file ../../../Engine/Plugins/Messaging/UdpMessaging/Binaries/Win64/UE4Editor-UdpMessaging.dll (API version 3944462).
LogModuleManager: Display: Found up-to-date module file ../../../Engine/Plugins/MovieScene/ActorSequence/Binaries/Win64/UE4Editor-ActorSequence.dll (API version 3944462).
LogModuleManager: Display: Found up-to-date module file ../../../Engine/Plugins/MovieScene/LevelSequenceEditor/Binaries/Win64/UE4Editor-LevelSequenceEditor.dll (API version 3944462).
LogModuleManager: Display: Found up-to-date module file ../../../Engine/Plugins/MovieScene/MatineeToLevelSequence/Binaries/Win64/UE4Editor-MatineeToLevelSequence.dll (API version 3944462).
LogModuleManager: Display: Found up-to-date module file ../../../Engine/Plugins/NetcodeUnitTest/NetcodeUnitTest/Binaries/Win64/UE4Editor-NetcodeUnitTest.dll (API version 3944462).
LogModuleManager: Display: Found up-to-date module file ../../../Engine/Plugins/NetcodeUnitTest/NUTUnrealEngine4/Binaries/Win64/UE4Editor-NUTUnrealEngine4.dll (API version 3944462).
LogModuleManager: Display: Found up-to-date module file ../../../Engine/Plugins/Online/OnlineSubsystem/Binaries/Win64/UE4Editor-OnlineSubsystem.dll (API version 3944462).
LogModuleManager: Display: Found up-to-date module file ../../../Engine/Plugins/Online/OnlineSubsystemNull/Binaries/Win64/UE4Editor-OnlineSubsystemNull.dll (API version 3944462).
LogModuleManager: Display: Found up-to-date module file ../../../Engine/Plugins/Online/OnlineSubsystemUtils/Binaries/Win64/UE4Editor-OnlineSubsystemUtils.dll (API version 3944462).
LogModuleManager: Display: Found up-to-date module file ../../../Engine/Plugins/Online/OnlineSubsystemUtils/Binaries/Win64/UE4Editor-OnlineBlueprintSupport.dll (API version 3944462).
LogModuleManager: Display: Found up-to-date module file ../../../Engine/Plugins/Runtime/AndroidDeviceProfileSelector/Binaries/Win64/UE4Editor-AndroidDeviceProfileSelector.dll (API version 3944462).
LogModuleManager: Display: Found up-to-date module file ../../../Engine/Plugins/Runtime/AndroidPermission/Binaries/Win64/UE4Editor-AndroidPermission.dll (API version 3944462).
LogModuleManager: Display: Found up-to-date module file ../../../Engine/Plugins/Runtime/AppleARKit/Binaries/Win64/UE4Editor-AppleARKit.dll (API version 3944462).
LogModuleManager: Display: Found up-to-date module file ../../../Engine/Plugins/Runtime/ArchVisCharacter/Binaries/Win64/UE4Editor-ArchVisCharacter.dll (API version 3944462).
LogModuleManager: Display: Found up-to-date module file ../../../Engine/Plugins/Runtime/AudioCapture/Binaries/Win64/UE4Editor-AudioCapture.dll (API version 3944462).
LogModuleManager: Display: Found up-to-date module file ../../../Engine/Plugins/Runtime/AudioCapture/Binaries/Win64/UE4Editor-AudioCaptureEditor.dll (API version 3944462).
LogModuleManager: Display: Found up-to-date module file ../../../Engine/Plugins/Runtime/CableComponent/Binaries/Win64/UE4Editor-CableComponent.dll (API version 3944462).
LogModuleManager: Display: Found up-to-date module file ../../../Engine/Plugins/Runtime/CustomMeshComponent/Binaries/Win64/UE4Editor-CustomMeshComponent.dll (API version 3944462).
LogModuleManager: Display: Found up-to-date module file ../../../Engine/Plugins/Runtime/ExampleDeviceProfileSelector/Binaries/Win64/UE4Editor-ExampleDeviceProfileSelector.dll (API version 3944462).
LogModuleManager: Display: Found up-to-date module file ../../../Engine/Plugins/Runtime/ImmediatePhysics/Binaries/Win64/UE4Editor-ImmediatePhysics.dll (API version 3944462).
LogModuleManager: Display: Found up-to-date module file ../../../Engine/Plugins/Runtime/ImmediatePhysics/Binaries/Win64/UE4Editor-ImmediatePhysicsEditor.dll (API version 3944462).
LogModuleManager: Display: Found up-to-date module file ../../../Engine/Plugins/Runtime/LocationServicesBPLibrary/Binaries/Win64/UE4Editor-LocationServicesBPLibrary.dll (API version 3944462).
LogModuleManager: Display: Found up-to-date module file ../../../Engine/Plugins/Runtime/MobilePatchingUtils/Binaries/Win64/UE4Editor-MobilePatchingUtils.dll (API version 3944462).
LogModuleManager: Display: Found up-to-date module file ../../../Engine/Plugins/Runtime/Oculus/OculusVR/Binaries/Win64/UE4Editor-OculusHMD.dll (API version 3944462).
LogModuleManager: Display: Found up-to-date module file ../../../Engine/Plugins/Runtime/Oculus/OculusVR/Binaries/Win64/UE4Editor-OculusInput.dll (API version 3944462).
LogModuleManager: Display: Found up-to-date module file ../../../Engine/Plugins/Runtime/Oculus/OculusVR/Binaries/Win64/UE4Editor-OculusEditor.dll (API version 3944462).
LogModuleManager: Display: Found up-to-date module file ../../../Engine/Plugins/Runtime/PhysXVehicles/Binaries/Win64/UE4Editor-PhysXVehicles.dll (API version 3944462).
LogModuleManager: Display: Found up-to-date module file ../../../Engine/Plugins/Runtime/PhysXVehicles/Binaries/Win64/UE4Editor-PhysXVehiclesEditor.dll (API version 3944462).
LogModuleManager: Display: Found up-to-date module file ../../../Engine/Plugins/Runtime/ProceduralMeshComponent/Binaries/Win64/UE4Editor-ProceduralMeshComponent.dll (API version 3944462).
LogModuleManager: Display: Found up-to-date module file ../../../Engine/Plugins/Runtime/ProceduralMeshComponent/Binaries/Win64/UE4Editor-ProceduralMeshComponentEditor.dll (API version 3944462).
LogModuleManager: Display: Found up-to-date module file ../../../Engine/Plugins/Runtime/RuntimePhysXCooking/Binaries/Win64/UE4Editor-RuntimePhysXCooking.dll (API version 3944462).
LogModuleManager: Display: Found up-to-date module file ../../../Engine/Plugins/Runtime/Steam/SteamVR/Binaries/Win64/UE4Editor-SteamVR.dll (API version 3944462).
LogModuleManager: Display: Found up-to-date module file ../../../Engine/Plugins/Runtime/Steam/SteamVR/Binaries/Win64/UE4Editor-SteamVRController.dll (API version 3944462).
LogModuleManager: Display: Found up-to-date module file ../../../Engine/Plugins/Runtime/WindowsMoviePlayer/Binaries/Win64/UE4Editor-WindowsMoviePlayer.dll (API version 3944462).
LogInit: Using libcurl 7.47.1
LogInit:  - built for x86_64-pc-win32
LogInit:  - supports SSL with OpenSSL/1.0.2g
LogInit:  - supports HTTP deflate (compression) using libz 1.2.8
LogInit:  - other features:
LogInit:      CURL_VERSION_SSL
LogInit:      CURL_VERSION_LIBZ
LogInit:      CURL_VERSION_IPV6
LogInit:      CURL_VERSION_ASYNCHDNS
LogInit:      CURL_VERSION_LARGEFILE
LogInit:      CURL_VERSION_IDN
LogInit:  CurlRequestOptions (configurable via config and command line):
LogInit:  - bVerifyPeer = false  - Libcurl will NOT verify peer certificate
LogInit:  - bUseHttpProxy = false  - Libcurl will NOT use HTTP proxy
LogInit:  - bDontReuseConnections = false  - Libcurl will reuse connections
LogInit:  - CertBundlePath = nullptr  - Libcurl will use whatever was configured at build time.
LogInit:  - MaxHostConnections = 16  - Libcurl will limit the number of connections to a host
LogInit:  - LocalHostAddr = Default
LogInit: WinSock: version 1.1 (2.2), MaxSocks=32767, MaxUdp=65467
LogInit: WinSock: I am MSI (192.168.0.191:0)
LogInit: Build: ++UE4+Release-4.19-CL-3989454
LogInit: Engine Version: 4.19.1-3989454+++UE4+Release-4.19
LogInit: Compatible Engine Version: 4.19.0-3944462+++UE4+Release-4.19
LogInit: Net CL: 3944462
LogDevObjectVersion: Number of dev versions registered: 18
LogDevObjectVersion:   Dev-Blueprints (B0D832E4-1F89-4F0D-ACCF-7EB736FD4AA2): 10
LogDevObjectVersion:   Dev-Build (E1C64328-A22C-4D53-A36C-8E866417BD8C): 0
LogDevObjectVersion:   Dev-Core (375EC13C-06E4-48FB-B500-84F0262A717E): 2
LogDevObjectVersion:   Dev-Editor (E4B068ED-F494-42E9-A231-DA0B2E46BB41): 23
LogDevObjectVersion:   Dev-Framework (CFFC743F-43B0-4480-9391-14DF171D2073): 33
LogDevObjectVersion:   Dev-Mobile (B02B49B5-BB20-44E9-A304-32B752E40360): 2
LogDevObjectVersion:   Dev-Networking (A4E4105C-59A1-49B5-A7C5-40C4547EDFEE): 0
LogDevObjectVersion:   Dev-Online (39C831C9-5AE6-47DC-9A44-9C173E1C8E7C): 0
LogDevObjectVersion:   Dev-Physics (78F01B33-EBEA-4F98-B9B4-84EACCB95AA2): 0
LogDevObjectVersion:   Dev-Platform (6631380F-2D4D-43E0-8009-CF276956A95A): 0
LogDevObjectVersion:   Dev-Rendering (12F88B9F-8875-4AFC-A67C-D90C383ABD29): 25
LogDevObjectVersion:   Dev-Sequencer (7B5AE74C-D270-4C10-A958-57980B212A5A): 6
LogDevObjectVersion:   Dev-VR (D7296918-1DD6-4BDD-9DE2-64A83CC13884): 1
LogDevObjectVersion:   Dev-LoadTimes (C2A15278-BFE7-4AFE-6C17-90FF531DF755): 1
LogDevObjectVersion:   Private-Geometry (6EACA3D4-40EC-4CC1-B786-8BED09428FC5): 2
LogDevObjectVersion:   Dev-AnimPhys (29E575DD-E0A3-4627-9D10-D276232CDCEA): 16
LogDevObjectVersion:   Dev-ReflectionCapture (6B266CEC-1EC7-4B8F-A30B-E4D90942FC07): 1
LogDevObjectVersion:   Dev-Automation (0DF73D61-A23F-47EA-B727-89E90C41499A): 1
LogInit: Compiled (64-bit): Apr  6 2018 12:26:04
LogInit: Compiled with Visual C++: 19.00.24215.01
LogInit: Build Configuration: Development
LogInit: Branch Name: ++UE4+Release-4.19
LogInit: Command Line: -EpicPortal 
LogInit: Base Directory: C:/Program Files/Epic Games/UE_4.19/Engine/Binaries/Win64/
LogInit: Installed Engine Build: 1
LogStreaming: Display: Took  0.002s to delete old logs.
LogInit: Presizing for max 8388607 objects, including 0 objects not considered by GC, pre-allocating 0 bytes for permanent pool.
LogInit: Object subsystem initialized
[2018.04.19-17.17.37:979][  0]LogInit: Selected Device Profile: [Windows]
[2018.04.19-17.17.37:979][  0]LogInit: Applying CVar settings loaded from the selected device profile: [Windows]
[2018.04.19-17.17.37:988][  0]LogInit: Computer: MSI
[2018.04.19-17.17.37:988][  0]LogInit: User: benesl
[2018.04.19-17.17.37:988][  0]LogInit: CPU Page size=4096, Cores=4
[2018.04.19-17.17.37:988][  0]LogInit: High frequency timer resolution =2.742187 MHz
[2018.04.19-17.17.37:989][  0]LogMemory: Memory total: Physical=16.0GB (16GB approx)
[2018.04.19-17.17.37:989][  0]LogMemory: Platform Memory Stats for Windows
[2018.04.19-17.17.37:989][  0]LogMemory: Process Physical Memory: 281.57 MB used, 281.57 MB peak
[2018.04.19-17.17.37:989][  0]LogMemory: Process Virtual Memory: 265.41 MB used, 265.41 MB peak
[2018.04.19-17.17.37:989][  0]LogMemory: Physical Memory: 6909.77 MB used,  9431.63 MB free, 16341.40 MB total
[2018.04.19-17.17.37:989][  0]LogMemory: Virtual Memory: 732.98 MB used,  9431.63 MB free, 134217728.00 MB total
[2018.04.19-17.17.38:005][  0]LogInit: Using OS detected language (nb-NO).
[2018.04.19-17.17.38:005][  0]LogInit: Using OS detected locale (nb-NO).
[2018.04.19-17.17.38:008][  0]LogTextLocalizationManager: No localization for 'nb-NO' exists, so 'en' will be used for the language.
[2018.04.19-17.17.38:393][  0]LogStreaming: Display: Took  0.388s to EndInitTextLocalization.
[2018.04.19-17.17.38:394][  0]LogInit: Setting process to per monitor DPI aware
[2018.04.19-17.17.38:418][  0]LogSlate: New Slate User Created.  User Index 0, Is Virtual User: 0
[2018.04.19-17.17.38:418][  0]LogSlate: Slate User Registered.  User Index 0, Is Virtual User: 0
[2018.04.19-17.17.38:574][  0]LogD3D11RHI: D3D11 adapters:
[2018.04.19-17.17.38:622][  0]LogD3D11RHI:    0. 'NVIDIA GeForce GTX 1060' (Feature Level 11_0)
[2018.04.19-17.17.38:622][  0]LogD3D11RHI:       6052/0/8170 MB DedicatedVideo/DedicatedSystem/SharedSystem, Outputs:2, VendorId:0x10de
[2018.04.19-17.17.38:624][  0]LogD3D11RHI:    1. 'Microsoft Basic Render Driver' (Feature Level 11_0)
[2018.04.19-17.17.38:624][  0]LogD3D11RHI:       0/0/8170 MB DedicatedVideo/DedicatedSystem/SharedSystem, Outputs:0, VendorId:0x1414
[2018.04.19-17.17.38:624][  0]LogD3D11RHI: Chosen D3D11 Adapter: 0
[2018.04.19-17.17.38:630][  0]LogD3D11RHI: Creating new Direct3DDevice
[2018.04.19-17.17.38:630][  0]LogD3D11RHI:     GPU DeviceId: 0x1c60 (for the marketing name, search the web for "GPU Device Id")
[2018.04.19-17.17.38:630][  0]LogWindows: EnumDisplayDevices:
[2018.04.19-17.17.38:631][  0]LogWindows:    0. 'NVIDIA GeForce GTX 1060' (P:1 D:1)
[2018.04.19-17.17.38:631][  0]LogWindows:    1. 'NVIDIA GeForce GTX 1060' (P:0 D:1)
[2018.04.19-17.17.38:631][  0]LogWindows:    2. 'NVIDIA GeForce GTX 1060' (P:0 D:0)
[2018.04.19-17.17.38:631][  0]LogWindows:    3. 'NVIDIA GeForce GTX 1060' (P:0 D:0)
[2018.04.19-17.17.38:631][  0]LogWindows: DebugString: GetVideoDriverDetailsInvalid PrimaryIsNotTheChoosenAdapter GetVideoDriverDetailsInvalid PrimaryIsNotTheChoosenAdapter GetVideoDriverDetailsInvalid PrimaryIsNotTheChoosenAdapter GetVideoDriverDetailsInvalid PrimaryIsNotTheChoosenAdapter FoundDriverCount:0 
[2018.04.19-17.17.38:631][  0]LogD3D11RHI:     Adapter Name: NVIDIA GeForce GTX 1060
[2018.04.19-17.17.38:631][  0]LogD3D11RHI:   Driver Version: Unknown (internal:Unknown, unified:Unknown)
[2018.04.19-17.17.38:631][  0]LogD3D11RHI:      Driver Date: Unknown
[2018.04.19-17.17.38:631][  0]LogRHI: Texture pool is 4236 MB (70% of 6052 MB)
[2018.04.19-17.17.38:660][  0]LogD3D11RHI: [Aftermath] Aftermath enabled and primed
[2018.04.19-17.17.38:660][  0]LogD3D11RHI: [Aftermath] Aftermath enabled and primed
[2018.04.19-17.17.38:660][  0]LogD3D11RHI: Async texture creation enabled
[2018.04.19-17.17.38:687][  0]LogD3D11RHI: GPU Timing Frequency: 1000.000000 (Debug: 2 2)
[2018.04.19-17.17.38:777][  0]LogShaderCompilers: Guid format shader working directory is -23 characters bigger than the processId version (../../../../../../Users/benes/Documents/Unreal Projects/FurryVSNudist/Intermediate/Shaders/WorkingDirectory/2704/).
[2018.04.19-17.17.38:777][  0]LogShaderCompilers: Cleaned the shader compiler working directory 'C:/Users/benes/AppData/Local/Temp/UnrealShaderWorkingDir/37DDBC164D5731304203999A305D9EA5/'.
[2018.04.19-17.17.38:972][  0]LogTemp: Display: Loaded TP AllDesktopTargetPlatform
[2018.04.19-17.17.38:985][  0]LogTemp: Display: Loaded TP MacClientTargetPlatform
[2018.04.19-17.17.38:998][  0]LogTemp: Display: Loaded TP MacNoEditorTargetPlatform
[2018.04.19-17.17.39:010][  0]LogTemp: Display: Loaded TP MacServerTargetPlatform
[2018.04.19-17.17.39:024][  0]LogTemp: Display: Loaded TP MacTargetPlatform
[2018.04.19-17.17.39:036][  0]LogTemp: Display: Loaded TP WindowsClientTargetPlatform
[2018.04.19-17.17.39:048][  0]LogTemp: Display: Loaded TP WindowsNoEditorTargetPlatform
[2018.04.19-17.17.39:061][  0]LogTemp: Display: Loaded TP WindowsServerTargetPlatform
[2018.04.19-17.17.39:067][  0]LogTemp: Display: Loaded TP WindowsTargetPlatform
[2018.04.19-17.17.39:078][  0]LogTemp: Display: Loaded TP Android_ASTCTargetPlatform
[2018.04.19-17.17.39:089][  0]LogTemp: Display: Loaded TP Android_ATCTargetPlatform
[2018.04.19-17.17.39:100][  0]LogTemp: Display: Loaded TP Android_DXTTargetPlatform
[2018.04.19-17.17.39:111][  0]LogTemp: Display: Loaded TP Android_ETC1aTargetPlatform
[2018.04.19-17.17.39:123][  0]LogTemp: Display: Loaded TP Android_ETC1TargetPlatform
[2018.04.19-17.17.39:134][  0]LogTemp: Display: Loaded TP Android_ETC2TargetPlatform
[2018.04.19-17.17.39:156][  0]LogTemp: Display: Loaded TP Android_MultiTargetPlatform
[2018.04.19-17.17.39:156][  0]LogTemp: Display: Loaded TP Android_PVRTCTargetPlatform
[2018.04.19-17.17.39:167][  0]LogTemp: Display: Loaded TP AndroidTargetPlatform
[2018.04.19-17.17.39:168][  0]LogTemp: Display: Loaded TP HTML5TargetPlatform
[2018.04.19-17.17.39:204][  0]LogTemp: Display: Loaded TP IOSTargetPlatform
[2018.04.19-17.17.39:215][  0]LogTemp: Display: Loaded TP TVOSTargetPlatform
[2018.04.19-17.17.39:226][  0]LogTemp: Display: Loaded TP LinuxClientTargetPlatform
[2018.04.19-17.17.39:237][  0]LogTemp: Display: Loaded TP LinuxNoEditorTargetPlatform
[2018.04.19-17.17.39:248][  0]LogTemp: Display: Loaded TP LinuxServerTargetPlatform
[2018.04.19-17.17.39:260][  0]LogTemp: Display: Loaded TP LinuxTargetPlatform
[2018.04.19-17.17.39:260][  0]LogTargetPlatformManager: Display: Building Assets For Windows
[2018.04.19-17.17.39:352][  0]LogXGEController: Cannot use XGE Controller as Incredibuild is not installed on this machine.
[2018.04.19-17.17.39:352][  0]LogShaderCompilers: Cannot use XGE Shader Compiler as Incredibuild is not installed on this machine.
[2018.04.19-17.17.39:352][  0]LogShaderCompilers: Display: Using Local Shader Compiler.
[2018.04.19-17.17.39:999][  0]LogDerivedDataCache: Display: Max Cache Size: 512 MB
[2018.04.19-17.17.40:059][  0]LogDerivedDataCache: Loaded boot cache 0.06s 74MB C:/Users/benes/AppData/Local/UnrealEngine/4.19/DerivedDataCache/Boot.ddc.
[2018.04.19-17.17.40:059][  0]LogDerivedDataCache: Display: Loaded Boot cache: C:/Users/benes/AppData/Local/UnrealEngine/4.19/DerivedDataCache/Boot.ddc
[2018.04.19-17.17.40:059][  0]LogDerivedDataCache: FDerivedDataBackendGraph:  Pak pak cache file ../../../../../../Users/benes/Documents/Unreal Projects/FurryVSNudist/DerivedDataCache/DDC.ddp not found, will not use a pak cache.
[2018.04.19-17.17.40:059][  0]LogDerivedDataCache: Unable to find inner node Pak for hierarchical cache Hierarchy.
[2018.04.19-17.17.40:059][  0]LogDerivedDataCache: FDerivedDataBackendGraph:  CompressedPak pak cache file ../../../../../../Users/benes/Documents/Unreal Projects/FurryVSNudist/DerivedDataCache/Compressed.ddp not found, will not use a pak cache.
[2018.04.19-17.17.40:059][  0]LogDerivedDataCache: Unable to find inner node CompressedPak for hierarchical cache Hierarchy.
[2018.04.19-17.17.40:074][  0]LogDerivedDataCache: Display: Pak cache opened for reading ../../../Engine/DerivedDataCache/Compressed.ddp.
[2018.04.19-17.17.40:086][  0]LogDerivedDataCache: Using Local data cache path C:/Users/benes/AppData/Local/UnrealEngine/Common/DerivedDataCache: Writable
[2018.04.19-17.17.40:097][  0]LogMaterial: Verifying Global Shaders for PCD3D_SM5
[2018.04.19-17.17.40:097][  0]LogSlate: Using Freetype 2.6.0
[2018.04.19-17.17.40:097][  0]LogSlate: SlateFontCache - WITH_FREETYPE: 1, WITH_HARFBUZZ: 1
[2018.04.19-17.17.40:097][  0]LogSlate: SlateFontCache - WITH_FREETYPE: 1, WITH_HARFBUZZ: 1
[2018.04.19-17.17.40:211][  0]LogAssetRegistry: FAssetRegistry took 0.0258 seconds to start up
[2018.04.19-17.17.40:485][  0]LogInit: Selected Device Profile: [Windows]
[2018.04.19-17.17.40:612][  0]LogSimplygon: Simplygon DLL not present - disabling.
[2018.04.19-17.17.40:614][  0]LogMeshReduction: Using SimplygonSwarm for distributed automatic mesh merging
[2018.04.19-17.17.40:614][  0]LogMeshReduction: Using QuadricMeshReduction for automatic static mesh reduction
[2018.04.19-17.17.40:614][  0]LogMeshReduction: No automatic skeletal mesh reduction module available
[2018.04.19-17.17.40:614][  0]LogMeshReduction: No automatic mesh merging module available
[2018.04.19-17.17.40:614][  0]LogMeshMerging: No automatic mesh merging module available
[2018.04.19-17.17.40:640][  0]LogNetVersion: FurryVSNudist , NetCL: 3944462, EngineNetVer: 2, GameNetVer: 0 (Checksum: 816875037)
[2018.04.19-17.17.41:002][  0]LogPackageLocalizationCache: Processed 9 localized package path(s) for 1 prioritized culture(s) in 0.037687 seconds
[2018.04.19-17.17.41:007][  0]LogUObjectArray: 36728 objects as part of root set at end of initial load.
[2018.04.19-17.17.41:007][  0]LogUObjectAllocator: 7314312 out of 0 bytes used by permanent object pool.
[2018.04.19-17.17.41:007][  0]LogUObjectArray: CloseDisregardForGC: 0/0 objects in disregard for GC pool
[2018.04.19-17.17.42:505][  0]LogTcpMessaging: Initializing TcpMessaging bridge
[2018.04.19-17.17.42:530][  0]LogUdpMessaging: Initializing bridge on interface 0.0.0.0:0 to multicast group 230.0.0.1:6666.
[2018.04.19-17.17.42:838][  0]SourceControl: Source control is disabled
[2018.04.19-17.17.42:838][  0]SourceControl: Source control is disabled
[2018.04.19-17.17.42:852][  0]SourceControl: Source control is disabled
[2018.04.19-17.17.42:866][  0]SourceControl: Source control is disabled
[2018.04.19-17.17.43:264][  0]LogAndroidPermission: UAndroidPermissionCallbackProxy::GetInstance
[2018.04.19-17.17.43:382][  0]LogOcInput: OculusInput pre-init called
[2018.04.19-17.17.43:470][  0]LogEngine: Initializing Engine...
[2018.04.19-17.17.43:471][  0]LogHMD: Failed to initialize OpenVR with code 110
[2018.04.19-17.17.43:472][  0]LogStats: UGameplayTagsManager::ConstructGameplayTagTree: Construct from data asset -  0.000 s
[2018.04.19-17.17.43:472][  0]LogStats: UGameplayTagsManager::ConstructGameplayTagTree: GameplayTagTreeChangedEvent.Broadcast -  0.000 s
[2018.04.19-17.17.43:660][  0]LogAIModule: Creating AISystem for world Untitled
[2018.04.19-17.17.43:710][  0]LogInit: XAudio2 using 'Høyttalere (Realtek High Definition Audio)' : 2 channels at 48 kHz using 32 bits per sample (channel mask 0x3)
[2018.04.19-17.17.43:856][  0]LogInit: FAudioDevice initialized.
[2018.04.19-17.17.43:927][  0]LogDerivedDataCache: Saved boot cache 0.07s 74MB C:/Users/benes/AppData/Local/UnrealEngine/4.19/DerivedDataCache/Boot.ddc.
[2018.04.19-17.17.43:937][  0]LogInit: Texture streaming: Enabled
[2018.04.19-17.17.43:954][  0]LogEngineSessionManager: EngineSessionManager initialized
[2018.04.19-17.17.43:965][  0]LogInit: Transaction tracking system initialized
[2018.04.19-17.17.43:987][  0]BlueprintLog: New page: Editor Load
[2018.04.19-17.17.44:054][  0]LocalizationService: Localization service is disabled
[2018.04.19-17.17.44:139][  0]LogConsoleResponse: Display: 
[2018.04.19-17.17.44:269][  0]LogCook: Display: Max memory allowance for cook 16384mb min free memory 0mb
[2018.04.19-17.17.44:269][  0]LogCook: Display: Mobile HDR setting 1
[2018.04.19-17.17.44:269][  0]LogGameplayTags: Display: UGameplayTagsManager::DoneAddingNativeTags. DelegateIsBound: 0
[2018.04.19-17.17.44:269][  0]LogStats: UGameplayTagsManager::ConstructGameplayTagTree: Construct from data asset -  0.000 s
[2018.04.19-17.17.44:269][  0]LogStats: UGameplayTagsManager::ConstructGameplayTagTree: GameplayTagTreeChangedEvent.Broadcast -  0.000 s
[2018.04.19-17.17.44:379][  0]LogFileCache: Scanning file cache for directory 'C:/Users/benes/Documents/Unreal Projects/FurryVSNudist/Content/' took 0.01s
[2018.04.19-17.17.44:558][  0]SourceControl: Source control is disabled
[2018.04.19-17.17.44:558][  0]Cmd: MAP LOAD FILE="../../../../../../Users/benes/Documents/Unreal Projects/FurryVSNudist/Content/Maps/Park.umap" TEMPLATE=0 SHOWPROGRESS=1 FEATURELEVEL=3
[2018.04.19-17.17.44:558][  0]LightingResults: New page: Lighting Build
[2018.04.19-17.17.44:561][  0]MapCheck: New page: Map Check
[2018.04.19-17.17.44:561][  0]LightingResults: New page: Lighting Build
[2018.04.19-17.17.44:957][  0]LogAIModule: Creating AISystem for world Park
[2018.04.19-17.17.44:975][  0]LogEditorServer: Finished looking for orphan Actors (0.000 secs)
[2018.04.19-17.17.44:988][  0]Cmd: MAP CHECKDEP NOCLEARLOG
[2018.04.19-17.17.45:047][  0]MapCheck: Map check complete: 0 Error(s), 0 Warning(s), took 59,269ms to complete.
[2018.04.19-17.17.45:047][  0]LogFileHelpers: Loading map 'Park' took 0.489
[2018.04.19-17.17.45:102][  0]LogWindowsTextInputMethodSystem: Display: IME system now deactivated.
[2018.04.19-17.17.45:141][  0]LogCollectionManager: Loaded 0 collections in 0.001504 seconds
[2018.04.19-17.17.45:181][  0]LogFileCache: Scanning file cache for directory 'C:/Users/benes/Documents/Unreal Projects/FurryVSNudist/Saved/Collections/' took 0.01s
[2018.04.19-17.17.45:182][  0]LogFileCache: Scanning file cache for directory 'C:/Users/benes/Documents/Unreal Projects/FurryVSNudist/Content/Developers/benesl/Collections/' took 0.01s
[2018.04.19-17.17.45:182][  0]LogFileCache: Scanning file cache for directory 'C:/Users/benes/Documents/Unreal Projects/FurryVSNudist/Content/Collections/' took 0.01s
[2018.04.19-17.17.45:182][  0]LogCollectionManager: Rebuilt the GUID cache for 0 collections in 0.000000 seconds
[2018.04.19-17.17.45:190][  0]LogContentBrowser: Native class hierarchy populated in 0.0086 seconds. Added 2456 classes and 562 folders.
[2018.04.19-17.17.45:196][  0]LogContentBrowser: Native class hierarchy updated for 'WidgetCarousel' in 0.0005 seconds. Added 0 classes and 0 folders.
[2018.04.19-17.17.45:231][  0]LogContentBrowser: Native class hierarchy updated for 'AddContentDialog' in 0.0005 seconds. Added 0 classes and 0 folders.
[2018.04.19-17.17.46:299][  0]LogSlate: Only BGRA pngs, bmps or icos are supported in by External Image Picker
[2018.04.19-17.17.46:325][  0]LogSlate: Took 0.000186 seconds to synchronously load lazily loaded font '../../../Engine/Content/Slate/Fonts/Roboto-Regular.ttf' (155K)
[2018.04.19-17.17.46:330][  0]LogSlate: Took 0.000197 seconds to synchronously load lazily loaded font '../../../Engine/Content/Editor/Slate/Fonts/FontAwesome.ttf' (139K)
[2018.04.19-17.17.46:330][  0]LogSlate: Took 0.000183 seconds to synchronously load lazily loaded font '../../../Engine/Content/Slate/Fonts/Roboto-Bold.ttf' (160K)
[2018.04.19-17.17.46:355][  0]LogTemp: Executing iPhonePackager certificates Engine -bundlename com.YourCompany.FurryVSNudist
[2018.04.19-17.17.46:355][  0]LogTemp: CWD: C:\Program Files\Epic Games\UE_4.19\Engine\Binaries\DotNET\IOS
[2018.04.19-17.17.46:355][  0]LogTemp: Initial Dir: C:\Program Files\Epic Games\UE_4.19
[2018.04.19-17.17.46:355][  0]LogTemp: Env CWD: C:\Program Files\Epic Games\UE_4.19\Engine\Binaries\DotNET\IOS
[2018.04.19-17.17.46:355][  0]LogTemp: BranchPath = MSI/C/Program Files/Epic Games/UE_4.19/Engine/Binaries --- GameBranchPath = MSI/C/Program Files/Epic Games/UE_4.19/Engine/Binaries
[2018.04.19-17.17.46:355][  0]LogSlate: Took 0.000296 seconds to synchronously load lazily loaded font '../../../Engine/Content/Slate/Fonts/Roboto-Light.ttf' (167K)
[2018.04.19-17.17.46:432][  0]LogTemp: IPP ERROR: Could not find provision directory 'C:\Users\benes\AppData\Local/Apple Computer/MobileDevice/Provisioning Profiles/'.
[2018.04.19-17.17.46:432][  0]LogRenderer: Reallocating scene render targets to support 1400x888 Format 10 NumSamples 1 (Frame:1).
[2018.04.19-17.17.46:538][  0]LogContentBrowser: Native class hierarchy updated for 'HierarchicalLODOutliner' in 0.0005 seconds. Added 0 classes and 0 folders.
[2018.04.19-17.17.46:538][  0]LogLoad: (Engine Initialization) Total time: 15.73 seconds
[2018.04.19-17.17.46:538][  0]LogLoad: (Engine Initialization) Total Blueprint compile time: 0.00 seconds
[2018.04.19-17.17.46:581][  0]LogContentStreaming: Texture pool size now 1000 MB
[2018.04.19-17.17.46:704][  1]LogRenderer: Reallocating scene render targets to support 1400x904 Format 10 NumSamples 1 (Frame:5).
[2018.04.19-17.17.46:714][  1]LogAssetRegistry: Asset discovery search completed in 6.5250 seconds
[2018.04.19-17.17.46:716][  1]LogCollectionManager: Rebuilt the object cache for 0 collections in 0.000000 seconds (found 0 objects)
[2018.04.19-17.17.46:716][  1]LogCollectionManager: Fixed up redirectors for 0 collections in 0.000104 seconds (updated 0 objects)
[2018.04.19-17.17.47:564][ 49]LogSlate: Took 0.000200 seconds to synchronously load lazily loaded font '../../../Engine/Content/Slate/Fonts/Roboto-Light.ttf' (167K)
[2018.04.19-17.18.07:747][652]LogSlate: FSceneViewport::OnFocusLost() reason 0
[2018.04.19-17.18.10:189][796]LogSlate: Took 0.000197 seconds to synchronously load lazily loaded font '../../../Engine/Content/Slate/Fonts/Roboto-BoldCondensed.ttf' (158K)
[2018.04.19-17.18.21:344][464]Running C:/Program Files/Epic Games/UE_4.19/Engine/Binaries/DotNET/UnrealBuildTool.exe  -projectfiles -project="C:/Users/benes/Documents/Unreal Projects/FurryVSNudist/FurryVSNudist.uproject" -game -rocket -progress
[2018.04.19-17.18.21:549][464]Discovering modules, targets and source code for project...
[2018.04.19-17.18.27:682][464]LogVSAccessor: Warning: Couldn't access Visual Studio
[2018.04.19-17.18.27:687][464]Candidate modules for hot reload:
[2018.04.19-17.18.27:687][464]  FurryVSNudist
[2018.04.19-17.18.27:687][464]Launching UnrealBuildTool... [C:/Program Files/Epic Games/UE_4.19/Engine/Binaries/DotNET/UnrealBuildTool.exe FurryVSNudist -ModuleWithSuffix=FurryVSNudist,8040 Win64 Development -editorrecompile -canskiplink "C:/Users/benes/Documents/Unreal Projects/FurryVSNudist/FurryVSNudist.uproject" ]
[2018.04.19-17.18.43:564][464]CompilerResultsLog: New page: Compilation - 19. apr. 2018, 21.18.43
[2018.04.19-17.18.43:564][464]CompilerResultsLog: Creating makefile for hot reloading FurryVSNudist (UHT file was deleted)
[2018.04.19-17.18.43:564][464]CompilerResultsLog: Compiling game modules for hot reload
[2018.04.19-17.18.43:564][464]CompilerResultsLog: Parsing headers for FurryVSNudistEditor
[2018.04.19-17.18.43:564][464]CompilerResultsLog:   Running UnrealHeaderTool "C:\Users\benes\Documents\Unreal Projects\FurryVSNudist\FurryVSNudist.uproject" "C:\Users\benes\Documents\Unreal Projects\FurryVSNudist\Intermediate\Build\Win64\FurryVSNudistEditor\Development\FurryVSNudistEditor.uhtmanifest" -LogCmds="loginit warning, logexit warning, logdatabase error" -Unattended -WarningsAsErrors -installed
[2018.04.19-17.18.43:564][464]CompilerResultsLog: Reflection code generated for FurryVSNudistEditor in 8,1535839 seconds
[2018.04.19-17.18.43:564][464]CompilerResultsLog: Performing 5 actions (4 in parallel)
[2018.04.19-17.18.43:564][464]CompilerResultsLog: FCharacter.cpp
[2018.04.19-17.18.43:564][464]CompilerResultsLog: FurryVSNudist.init.gen.cpp
[2018.04.19-17.18.43:564][464]CompilerResultsLog: FCharacter.gen.cpp
[2018.04.19-17.18.43:564][464]CompilerResultsLog: [4/5] Link UE4Editor-FurryVSNudist-8040.dll
[2018.04.19-17.18.43:564][464]CompilerResultsLog: [5/5] Link UE4Editor-FurryVSNudist-8040.lib
[2018.04.19-17.18.43:564][464]CompilerResultsLog:    Creating library C:\Users\benes\Documents\Unreal Projects\FurryVSNudist\Intermediate\Build\Win64\UE4Editor\Development\UE4Editor-FurryVSNudist-8040.lib and object C:\Users\benes\Documents\Unreal Projects\FurryVSNudist\Intermediate\Build\Win64\UE4Editor\Development\UE4Editor-FurryVSNudist-8040.exp
[2018.04.19-17.18.43:564][464]CompilerResultsLog:    Creating library C:\Users\benes\Documents\Unreal Projects\FurryVSNudist\Intermediate\Build\Win64\UE4Editor\Development\UE4Editor-FurryVSNudist-8040.suppressed.lib and object C:\Users\benes\Documents\Unreal Projects\FurryVSNudist\Intermediate\Build\Win64\UE4Editor\Development\UE4Editor-FurryVSNudist-8040.suppressed.exp
[2018.04.19-17.18.43:564][464]CompilerResultsLog: Total build time: 15,68 seconds (Local executor: 1,41 seconds)
[2018.04.19-17.18.43:564][464]LogMainFrame: MainFrame: Module compiling took 15.882 seconds
[2018.04.19-17.18.43:579][464]LogClass: Could not find existing class FCharacter in package /Script/FurryVSNudist for HotReload, assuming new class
[2018.04.19-17.18.43:583][464]LogContentBrowser: Native class hierarchy updated for 'FurryVSNudist' in 0.0006 seconds. Added 4 classes and 2 folders.
[2018.04.19-17.18.43:585][464]Display: HotReload successful (0 functions remapped  0 scriptstructs remapped)
[2018.04.19-17.18.43:687][464]LogContentBrowser: Native class hierarchy populated in 0.0086 seconds. Added 2457 classes and 562 folders.
[2018.04.19-17.18.43:690][464]Display: HotReload took 16.0s.
[2018.04.19-17.18.43:691][464]Warning: HotReload operation took 16.0s.
[2018.04.19-17.18.43:719][464]LogSlate: Window 'Add C++ Class' being destroyed
[2018.04.19-17.18.43:725][464]LogHotReload: New module detected: UE4Editor-FurryVSNudist-8040.dll
[2018.04.19-17.18.43:749][465]LogHotReload: Starting Hot-Reload from IDE
[2018.04.19-17.18.43:787][465]LogContentBrowser: Native class hierarchy updated for 'FurryVSNudist' in 0.0006 seconds. Added 4 classes and 2 folders.
[2018.04.19-17.18.43:789][465]Display: HotReload successful (0 functions remapped  0 scriptstructs remapped)
[2018.04.19-17.18.43:809][465]LogContentBrowser: Native class hierarchy populated in 0.0098 seconds. Added 2457 classes and 562 folders.
[2018.04.19-17.18.43:817][465]Display: HotReload took  0.1s.
[2018.04.19-17.19.01:431][525]LogVSAccessor: Warning: Visual Studio is open but could not be queried - it may be blocked by a modal operation
[2018.04.19-17.36.30:828][671]LogHotReload: New module detected: UE4Editor-FurryVSNudist-3383.dll
[2018.04.19-17.36.31:508][674]LogHotReload: Starting Hot-Reload from IDE
[2018.04.19-17.36.31:542][674]LogContentBrowser: Native class hierarchy updated for 'FurryVSNudist' in 0.0006 seconds. Added 4 classes and 2 folders.
[2018.04.19-17.36.31:544][674]Display: HotReload successful (0 functions remapped  0 scriptstructs remapped)
[2018.04.19-17.36.31:583][674]LogContentBrowser: Native class hierarchy populated in 0.0099 seconds. Added 2457 classes and 562 folders.
[2018.04.19-17.36.31:592][674]Display: HotReload took  0.1s.
[2018.04.19-18.19.35:503][492]LogHotReload: New module detected: UE4Editor-FurryVSNudist-9751.dll
[2018.04.19-18.33.30:190][ 35]LogHotReload: New module detected: UE4Editor-FurryVSNudist-2453.dll
[2018.04.19-18.34.02:189][131]LogHotReload: New module detected: UE4Editor-FurryVSNudist-235.dll
[2018.04.19-18.34.28:849][360]LogVSAccessor: Warning: Couldn't save all documents
[2018.04.19-18.34.28:857][360]Candidate modules for hot reload:
[2018.04.19-18.34.28:857][360]  FurryVSNudist
[2018.04.19-18.34.28:857][360]Launching UnrealBuildTool... [C:/Program Files/Epic Games/UE_4.19/Engine/Binaries/DotNET/UnrealBuildTool.exe FurryVSNudist -ModuleWithSuffix=FurryVSNudist,635 Win64 Development -editorrecompile -canskiplink "C:/Users/benes/Documents/Unreal Projects/FurryVSNudist/FurryVSNudist.uproject" ]
[2018.04.19-18.34.28:861][360]Warning: Starting HotReload took  0.0s.
[2018.04.19-18.34.36:294][484]CompilerResultsLog: New page: Compilation - 19. apr. 2018, 22.34.36
[2018.04.19-18.34.36:295][484]CompilerResultsLog: Creating makefile for hot reloading FurryVSNudist (modules to compile have changed)
[2018.04.19-18.34.36:295][484]CompilerResultsLog: Compiling game modules for hot reload
[2018.04.19-18.34.36:295][484]CompilerResultsLog: Performing 1 actions (4 in parallel)
[2018.04.19-18.34.36:295][484]CompilerResultsLog: [1/1] Link UE4Editor-FurryVSNudist-635.dll
[2018.04.19-18.34.36:295][484]CompilerResultsLog:    Creating library C:\Users\benes\Documents\Unreal Projects\FurryVSNudist\Intermediate\Build\Win64\UE4Editor\Development\UE4Editor-FurryVSNudist-635.suppressed.lib and object C:\Users\benes\Documents\Unreal Projects\FurryVSNudist\Intermediate\Build\Win64\UE4Editor\Development\UE4Editor-FurryVSNudist-635.suppressed.exp
[2018.04.19-18.34.36:295][484]CompilerResultsLog: Error: FCharacter.cpp.obj : error LNK2001: unresolved external symbol "public: virtual void __cdecl AFCharacter::PostInitializeComponents(void)" (?PostInitializeComponents@AFCharacter@@UEAAXXZ)
[2018.04.19-18.34.36:295][484]CompilerResultsLog: Error: FCharacter.gen.cpp.obj : error LNK2001: unresolved external symbol "public: virtual void __cdecl AFCharacter::PostInitializeComponents(void)" (?PostInitializeComponents@AFCharacter@@UEAAXXZ)
[2018.04.19-18.34.36:295][484]CompilerResultsLog: Error: FCharacter.cpp.obj : error LNK2019: unresolved external symbol "public: void __cdecl AFCharacter::OnStartJump(void)" (?OnStartJump@AFCharacter@@QEAAXXZ) referenced in function "public: virtual void __cdecl AFCharacter::SetupPlayerInputComponent(class UInputComponent *)" (?SetupPlayerInputComponent@AFCharacter@@UEAAXPEAVUInputComponent@@@Z)
[2018.04.19-18.34.36:295][484]CompilerResultsLog: Error: FCharacter.cpp.obj : error LNK2019: unresolved external symbol "public: void __cdecl AFCharacter::OnStopJump(void)" (?OnStopJump@AFCharacter@@QEAAXXZ) referenced in function "public: virtual void __cdecl AFCharacter::SetupPlayerInputComponent(class UInputComponent *)" (?SetupPlayerInputComponent@AFCharacter@@UEAAXPEAVUInputComponent@@@Z)
[2018.04.19-18.34.36:295][484]CompilerResultsLog: Error: C:\Users\benes\Documents\Unreal Projects\FurryVSNudist\Binaries\Win64\UE4Editor-FurryVSNudist-635.dll : fatal error LNK1120: 3 unresolved externals
[2018.04.19-18.34.36:295][484]CompilerResultsLog: ERROR: UBT ERROR: Failed to produce item: C:\Users\benes\Documents\Unreal Projects\FurryVSNudist\Binaries\Win64\UE4Editor-FurryVSNudist-635.dll
[2018.04.19-18.34.36:295][484]CompilerResultsLog: Total build time: 7,00 seconds (Local executor: 0,00 seconds)
[2018.04.19-18.34.36:295][484]LogMainFrame: MainFrame: Module compiling took 7.445 seconds
[2018.04.19-18.34.36:296][484]Warning: HotReload failed, recompile failed
[2018.04.19-18.38.07:054][347]LogVSAccessor: Warning: Couldn't save all documents
[2018.04.19-18.38.07:060][347]Candidate modules for hot reload:
[2018.04.19-18.38.07:060][347]  FurryVSNudist
[2018.04.19-18.38.07:060][347]Launching UnrealBuildTool... [C:/Program Files/Epic Games/UE_4.19/Engine/Binaries/DotNET/UnrealBuildTool.exe FurryVSNudist -ModuleWithSuffix=FurryVSNudist,1579 Win64 Development -editorrecompile -canskiplink "C:/Users/benes/Documents/Unreal Projects/FurryVSNudist/FurryVSNudist.uproject" ]
[2018.04.19-18.38.07:064][347]Warning: Starting HotReload took  0.0s.
[2018.04.19-18.38.08:691][446]CompilerResultsLog: New page: Compilation - 19. apr. 2018, 22.38.08
[2018.04.19-18.38.08:691][446]CompilerResultsLog: Compiling game modules for hot reload
[2018.04.19-18.38.08:691][446]CompilerResultsLog: Performing 1 actions (4 in parallel)
[2018.04.19-18.38.08:691][446]CompilerResultsLog: [1/1] Link UE4Editor-FurryVSNudist-1579.dll
[2018.04.19-18.38.08:691][446]CompilerResultsLog:    Creating library C:\Users\benes\Documents\Unreal Projects\FurryVSNudist\Intermediate\Build\Win64\UE4Editor\Development\UE4Editor-FurryVSNudist-1579.suppressed.lib and object C:\Users\benes\Documents\Unreal Projects\FurryVSNudist\Intermediate\Build\Win64\UE4Editor\Development\UE4Editor-FurryVSNudist-1579.suppressed.exp
[2018.04.19-18.38.08:691][446]CompilerResultsLog: Error: FCharacter.cpp.obj : error LNK2001: unresolved external symbol "public: virtual void __cdecl AFCharacter::PostInitializeComponents(void)" (?PostInitializeComponents@AFCharacter@@UEAAXXZ)
[2018.04.19-18.38.08:691][446]CompilerResultsLog: Error: FCharacter.gen.cpp.obj : error LNK2001: unresolved external symbol "public: virtual void __cdecl AFCharacter::PostInitializeComponents(void)" (?PostInitializeComponents@AFCharacter@@UEAAXXZ)
[2018.04.19-18.38.08:691][446]CompilerResultsLog: Error: FCharacter.cpp.obj : error LNK2019: unresolved external symbol "public: void __cdecl AFCharacter::OnStartJump(void)" (?OnStartJump@AFCharacter@@QEAAXXZ) referenced in function "public: virtual void __cdecl AFCharacter::SetupPlayerInputComponent(class UInputComponent *)" (?SetupPlayerInputComponent@AFCharacter@@UEAAXPEAVUInputComponent@@@Z)
[2018.04.19-18.38.08:691][446]CompilerResultsLog: Error: FCharacter.cpp.obj : error LNK2019: unresolved external symbol "public: void __cdecl AFCharacter::OnStopJump(void)" (?OnStopJump@AFCharacter@@QEAAXXZ) referenced in function "public: virtual void __cdecl AFCharacter::SetupPlayerInputComponent(class UInputComponent *)" (?SetupPlayerInputComponent@AFCharacter@@UEAAXPEAVUInputComponent@@@Z)
[2018.04.19-18.38.08:691][446]CompilerResultsLog: Error: C:\Users\benes\Documents\Unreal Projects\FurryVSNudist\Binaries\Win64\UE4Editor-FurryVSNudist-1579.dll : fatal error LNK1120: 3 unresolved externals
[2018.04.19-18.38.08:691][446]CompilerResultsLog: ERROR: UBT ERROR: Failed to produce item: C:\Users\benes\Documents\Unreal Projects\FurryVSNudist\Binaries\Win64\UE4Editor-FurryVSNudist-1579.dll
[2018.04.19-18.38.08:691][446]CompilerResultsLog: Total build time: 1,41 seconds (Local executor: 0,00 seconds)
[2018.04.19-18.38.08:691][446]LogMainFrame: MainFrame: Module compiling took 1.637 seconds
[2018.04.19-18.38.08:691][446]Warning: HotReload failed, recompile failed
[2018.04.19-19.38.24:120][ 89]LogRenderer: Reallocating scene render targets to support 1400x944 Format 10 NumSamples 1 (Frame:3831).
